mode: set
distributed-kvstore/internal/config/config.go:82.47,85.22 2 1
distributed-kvstore/internal/config/config.go:85.22,86.58 1 1
distributed-kvstore/internal/config/config.go:86.58,88.4 1 0
distributed-kvstore/internal/config/config.go:91.2,93.42 2 1
distributed-kvstore/internal/config/config.go:93.42,95.3 1 0
distributed-kvstore/internal/config/config.go:97.2,97.20 1 1
distributed-kvstore/internal/config/config.go:100.30,156.2 1 1
distributed-kvstore/internal/config/config.go:158.60,160.16 2 1
distributed-kvstore/internal/config/config.go:160.16,162.3 1 0
distributed-kvstore/internal/config/config.go:164.2,166.13 2 1
distributed-kvstore/internal/config/config.go:167.23,168.54 1 1
distributed-kvstore/internal/config/config.go:168.54,170.4 1 0
distributed-kvstore/internal/config/config.go:171.10,172.63 1 0
distributed-kvstore/internal/config/config.go:175.2,175.12 1 1
distributed-kvstore/internal/config/config.go:178.42,180.53 1 1
distributed-kvstore/internal/config/config.go:180.53,182.3 1 1
distributed-kvstore/internal/config/config.go:183.2,183.53 1 1
distributed-kvstore/internal/config/config.go:183.53,184.47 1 1
distributed-kvstore/internal/config/config.go:184.47,186.4 1 1
distributed-kvstore/internal/config/config.go:188.2,188.66 1 1
distributed-kvstore/internal/config/config.go:188.66,189.51 1 0
distributed-kvstore/internal/config/config.go:189.51,191.4 1 0
distributed-kvstore/internal/config/config.go:195.2,195.60 1 1
distributed-kvstore/internal/config/config.go:195.60,197.3 1 1
distributed-kvstore/internal/config/config.go:198.2,198.67 1 1
distributed-kvstore/internal/config/config.go:198.67,200.3 1 0
distributed-kvstore/internal/config/config.go:201.2,201.67 1 1
distributed-kvstore/internal/config/config.go:201.67,202.56 1 0
distributed-kvstore/internal/config/config.go:202.56,204.4 1 0
distributed-kvstore/internal/config/config.go:206.2,206.73 1 1
distributed-kvstore/internal/config/config.go:206.73,207.58 1 0
distributed-kvstore/internal/config/config.go:207.58,209.4 1 0
distributed-kvstore/internal/config/config.go:213.2,213.61 1 1
distributed-kvstore/internal/config/config.go:213.61,215.3 1 1
distributed-kvstore/internal/config/config.go:216.2,216.57 1 1
distributed-kvstore/internal/config/config.go:216.57,218.3 1 0
distributed-kvstore/internal/config/config.go:219.2,219.67 1 1
distributed-kvstore/internal/config/config.go:219.67,220.51 1 1
distributed-kvstore/internal/config/config.go:220.51,222.4 1 1
distributed-kvstore/internal/config/config.go:226.2,226.53 1 1
distributed-kvstore/internal/config/config.go:226.53,228.3 1 1
distributed-kvstore/internal/config/config.go:229.2,229.56 1 1
distributed-kvstore/internal/config/config.go:229.56,231.3 1 0
distributed-kvstore/internal/config/config.go:234.2,234.63 1 1
distributed-kvstore/internal/config/config.go:234.63,235.55 1 0
distributed-kvstore/internal/config/config.go:235.55,237.4 1 0
distributed-kvstore/internal/config/config.go:239.2,239.54 1 1
distributed-kvstore/internal/config/config.go:239.54,240.47 1 0
distributed-kvstore/internal/config/config.go:240.47,242.4 1 0
distributed-kvstore/internal/config/config.go:246.2,246.74 1 1
distributed-kvstore/internal/config/config.go:246.74,247.58 1 0
distributed-kvstore/internal/config/config.go:247.58,249.4 1 0
distributed-kvstore/internal/config/config.go:251.2,251.68 1 1
distributed-kvstore/internal/config/config.go:251.68,253.3 1 0
distributed-kvstore/internal/config/config.go:254.2,254.65 1 1
distributed-kvstore/internal/config/config.go:254.65,256.3 1 0
distributed-kvstore/internal/config/config.go:257.2,257.71 1 1
distributed-kvstore/internal/config/config.go:257.71,259.3 1 0
distributed-kvstore/internal/config/config.go:262.35,264.49 1 1
distributed-kvstore/internal/config/config.go:264.49,266.3 1 1
distributed-kvstore/internal/config/config.go:267.2,267.57 1 1
distributed-kvstore/internal/config/config.go:267.57,269.3 1 0
distributed-kvstore/internal/config/config.go:270.2,270.40 1 1
distributed-kvstore/internal/config/config.go:270.40,272.3 1 1
distributed-kvstore/internal/config/config.go:273.2,273.31 1 1
distributed-kvstore/internal/config/config.go:273.31,275.3 1 0
distributed-kvstore/internal/config/config.go:276.2,276.32 1 1
distributed-kvstore/internal/config/config.go:276.32,278.3 1 0
distributed-kvstore/internal/config/config.go:279.2,279.31 1 1
distributed-kvstore/internal/config/config.go:279.31,281.3 1 0
distributed-kvstore/internal/config/config.go:284.2,284.28 1 1
distributed-kvstore/internal/config/config.go:284.28,286.3 1 1
distributed-kvstore/internal/config/config.go:287.2,287.53 1 1
distributed-kvstore/internal/config/config.go:287.53,289.3 1 0
distributed-kvstore/internal/config/config.go:290.2,290.31 1 1
distributed-kvstore/internal/config/config.go:290.31,292.3 1 0
distributed-kvstore/internal/config/config.go:293.2,293.32 1 1
distributed-kvstore/internal/config/config.go:293.32,295.3 1 0
distributed-kvstore/internal/config/config.go:298.2,298.28 1 1
distributed-kvstore/internal/config/config.go:298.28,300.3 1 1
distributed-kvstore/internal/config/config.go:301.2,301.59 1 1
distributed-kvstore/internal/config/config.go:301.59,303.3 1 0
distributed-kvstore/internal/config/config.go:304.2,304.84 1 1
distributed-kvstore/internal/config/config.go:304.84,306.3 1 0
distributed-kvstore/internal/config/config.go:307.2,307.34 1 1
distributed-kvstore/internal/config/config.go:307.34,309.3 1 0
distributed-kvstore/internal/config/config.go:310.2,310.34 1 1
distributed-kvstore/internal/config/config.go:310.34,312.3 1 0
distributed-kvstore/internal/config/config.go:313.2,313.55 1 1
distributed-kvstore/internal/config/config.go:313.55,315.3 1 1
distributed-kvstore/internal/config/config.go:316.2,316.33 1 1
distributed-kvstore/internal/config/config.go:316.33,318.3 1 0
distributed-kvstore/internal/config/config.go:321.2,324.52 2 1
distributed-kvstore/internal/config/config.go:324.52,326.3 1 1
distributed-kvstore/internal/config/config.go:327.2,330.54 2 1
distributed-kvstore/internal/config/config.go:330.54,332.3 1 0
distributed-kvstore/internal/config/config.go:335.2,335.23 1 1
distributed-kvstore/internal/config/config.go:335.23,336.52 1 1
distributed-kvstore/internal/config/config.go:336.52,338.4 1 0
distributed-kvstore/internal/config/config.go:339.3,339.117 1 1
distributed-kvstore/internal/config/config.go:339.117,341.4 1 0
distributed-kvstore/internal/config/config.go:342.3,342.27 1 1
distributed-kvstore/internal/config/config.go:342.27,344.4 1 0
distributed-kvstore/internal/config/config.go:348.2,348.27 1 1
distributed-kvstore/internal/config/config.go:348.27,349.32 1 0
distributed-kvstore/internal/config/config.go:349.32,351.4 1 0
distributed-kvstore/internal/config/config.go:352.3,352.31 1 0
distributed-kvstore/internal/config/config.go:352.31,354.4 1 0
distributed-kvstore/internal/config/config.go:355.3,355.65 1 0
distributed-kvstore/internal/config/config.go:355.65,357.4 1 0
distributed-kvstore/internal/config/config.go:358.3,358.64 1 0
distributed-kvstore/internal/config/config.go:358.64,360.4 1 0
distributed-kvstore/internal/config/config.go:363.2,363.12 1 1
distributed-kvstore/internal/config/config.go:366.60,374.2 1 1
distributed-kvstore/internal/config/config.go:376.34,379.2 2 1
distributed-kvstore/internal/api/rest.go:25.144,31.2 1 1
distributed-kvstore/internal/api/rest.go:169.70,175.15 5 1
distributed-kvstore/internal/api/rest.go:175.15,179.3 3 1
distributed-kvstore/internal/api/rest.go:181.2,182.61 2 1
distributed-kvstore/internal/api/rest.go:182.61,186.3 3 0
distributed-kvstore/internal/api/rest.go:188.2,197.16 4 1
distributed-kvstore/internal/api/rest.go:197.16,204.3 3 0
distributed-kvstore/internal/api/rest.go:206.2,209.4 2 1
distributed-kvstore/internal/api/rest.go:213.70,217.15 3 1
distributed-kvstore/internal/api/rest.go:217.15,220.3 2 1
distributed-kvstore/internal/api/rest.go:222.2,228.16 3 1
distributed-kvstore/internal/api/rest.go:228.16,229.36 1 1
distributed-kvstore/internal/api/rest.go:229.36,234.4 2 1
distributed-kvstore/internal/api/rest.go:236.3,241.9 3 0
distributed-kvstore/internal/api/rest.go:244.2,248.4 1 1
distributed-kvstore/internal/api/rest.go:252.73,256.15 3 1
distributed-kvstore/internal/api/rest.go:256.15,259.3 2 1
distributed-kvstore/internal/api/rest.go:261.2,267.16 3 1
distributed-kvstore/internal/api/rest.go:267.16,274.3 3 0
distributed-kvstore/internal/api/rest.go:276.2,277.16 2 1
distributed-kvstore/internal/api/rest.go:277.16,285.3 3 0
distributed-kvstore/internal/api/rest.go:287.2,290.4 1 1
distributed-kvstore/internal/api/rest.go:294.73,298.15 3 1
distributed-kvstore/internal/api/rest.go:298.15,301.3 2 1
distributed-kvstore/internal/api/rest.go:303.2,309.16 3 1
distributed-kvstore/internal/api/rest.go:309.16,316.3 3 0
distributed-kvstore/internal/api/rest.go:318.2,318.12 1 1
distributed-kvstore/internal/api/rest.go:318.12,322.3 1 1
distributed-kvstore/internal/api/rest.go:322.8,326.3 1 1
distributed-kvstore/internal/api/rest.go:330.72,338.20 7 1
distributed-kvstore/internal/api/rest.go:338.20,339.60 1 1
distributed-kvstore/internal/api/rest.go:339.60,341.4 1 1
distributed-kvstore/internal/api/rest.go:344.2,353.16 3 1
distributed-kvstore/internal/api/rest.go:353.16,355.15 2 0
distributed-kvstore/internal/api/rest.go:355.15,359.4 1 0
distributed-kvstore/internal/api/rest.go:359.9,363.4 1 0
distributed-kvstore/internal/api/rest.go:364.3,364.9 1 0
distributed-kvstore/internal/api/rest.go:367.2,367.14 1 1
distributed-kvstore/internal/api/rest.go:367.14,369.3 1 1
distributed-kvstore/internal/api/rest.go:369.8,371.3 1 1
distributed-kvstore/internal/api/rest.go:375.72,377.61 2 1
distributed-kvstore/internal/api/rest.go:377.61,380.3 2 0
distributed-kvstore/internal/api/rest.go:382.2,391.33 5 1
distributed-kvstore/internal/api/rest.go:391.33,392.21 1 1
distributed-kvstore/internal/api/rest.go:392.21,398.12 3 1
distributed-kvstore/internal/api/rest.go:401.3,402.17 2 1
distributed-kvstore/internal/api/rest.go:402.17,409.4 3 0
distributed-kvstore/internal/api/rest.go:409.9,411.4 1 1
distributed-kvstore/internal/api/rest.go:414.2,416.20 3 1
distributed-kvstore/internal/api/rest.go:416.20,418.3 1 1
distributed-kvstore/internal/api/rest.go:420.2,421.20 2 1
distributed-kvstore/internal/api/rest.go:421.20,422.24 1 1
distributed-kvstore/internal/api/rest.go:422.24,424.4 1 0
distributed-kvstore/internal/api/rest.go:424.9,426.4 1 1
distributed-kvstore/internal/api/rest.go:429.2,435.4 1 1
distributed-kvstore/internal/api/rest.go:439.72,441.61 2 1
distributed-kvstore/internal/api/rest.go:441.61,444.3 2 0
distributed-kvstore/internal/api/rest.go:446.2,453.31 3 1
distributed-kvstore/internal/api/rest.go:453.31,454.16 1 1
distributed-kvstore/internal/api/rest.go:454.16,459.12 2 0
distributed-kvstore/internal/api/rest.go:462.3,463.17 2 1
distributed-kvstore/internal/api/rest.go:463.17,464.37 1 1
distributed-kvstore/internal/api/rest.go:464.37,469.5 1 1
distributed-kvstore/internal/api/rest.go:469.10,475.5 3 0
distributed-kvstore/internal/api/rest.go:476.9,483.4 1 1
distributed-kvstore/internal/api/rest.go:486.2,492.4 1 1
distributed-kvstore/internal/api/rest.go:496.75,498.61 2 0
distributed-kvstore/internal/api/rest.go:498.61,501.3 2 0
distributed-kvstore/internal/api/rest.go:503.2,512.31 5 0
distributed-kvstore/internal/api/rest.go:512.31,513.16 1 0
distributed-kvstore/internal/api/rest.go:513.16,519.12 3 0
distributed-kvstore/internal/api/rest.go:522.3,523.17 2 0
distributed-kvstore/internal/api/rest.go:523.17,530.4 3 0
distributed-kvstore/internal/api/rest.go:530.9,532.4 1 0
distributed-kvstore/internal/api/rest.go:535.2,537.20 3 0
distributed-kvstore/internal/api/rest.go:537.20,539.3 1 0
distributed-kvstore/internal/api/rest.go:541.2,542.20 2 0
distributed-kvstore/internal/api/rest.go:542.20,543.24 1 0
distributed-kvstore/internal/api/rest.go:543.24,545.4 1 0
distributed-kvstore/internal/api/rest.go:545.9,547.4 1 0
distributed-kvstore/internal/api/rest.go:550.2,556.4 1 0
distributed-kvstore/internal/api/rest.go:560.70,570.2 2 1
distributed-kvstore/internal/api/rest.go:573.69,587.20 6 1
distributed-kvstore/internal/api/rest.go:587.20,589.33 2 1
distributed-kvstore/internal/api/rest.go:589.33,591.4 1 1
distributed-kvstore/internal/api/rest.go:592.3,592.29 1 1
distributed-kvstore/internal/api/rest.go:595.2,595.49 1 1
distributed-kvstore/internal/api/rest.go:600.100,604.31 3 1
distributed-kvstore/internal/api/rest.go:604.31,605.34 1 1
distributed-kvstore/internal/api/rest.go:605.34,606.9 1 1
distributed-kvstore/internal/api/rest.go:609.3,614.10 2 1
distributed-kvstore/internal/api/rest.go:617.2,621.4 1 1
distributed-kvstore/internal/api/rest.go:624.104,628.24 3 1
distributed-kvstore/internal/api/rest.go:628.24,629.34 1 1
distributed-kvstore/internal/api/rest.go:629.34,630.9 1 0
distributed-kvstore/internal/api/rest.go:632.3,633.10 2 1
distributed-kvstore/internal/api/rest.go:636.2,640.4 1 1
distributed-kvstore/internal/api/rest.go:643.98,647.56 3 1
distributed-kvstore/internal/api/rest.go:647.56,649.3 1 0
distributed-kvstore/internal/api/rest.go:652.97,658.2 1 1
distributed-kvstore/internal/api/rest.go:663.70,664.71 1 1
distributed-kvstore/internal/api/rest.go:664.71,669.37 4 1
distributed-kvstore/internal/api/rest.go:669.37,672.4 2 1
distributed-kvstore/internal/api/rest.go:674.3,674.23 1 0
distributed-kvstore/internal/api/rest.go:684.49,687.2 2 0
distributed-kvstore/internal/api/router.go:12.49,18.25 4 1
distributed-kvstore/internal/api/router.go:18.25,20.3 1 0
distributed-kvstore/internal/api/router.go:21.2,41.25 11 1
distributed-kvstore/internal/api/router.go:41.25,43.3 1 0
distributed-kvstore/internal/api/router.go:43.8,45.3 1 1
distributed-kvstore/internal/api/router.go:46.2,49.25 2 1
distributed-kvstore/internal/api/router.go:49.25,53.3 3 0
distributed-kvstore/internal/api/router.go:56.2,56.90 1 1
distributed-kvstore/internal/api/router.go:56.90,58.3 1 0
distributed-kvstore/internal/api/router.go:61.2,61.25 1 1
distributed-kvstore/internal/api/router.go:61.25,63.3 1 0
distributed-kvstore/internal/api/router.go:63.8,65.3 1 1
distributed-kvstore/internal/api/router.go:66.2,68.15 2 1
distributed-kvstore/internal/api/router.go:72.75,97.2 2 1
distributed-kvstore/cmd/client/main.go:17.13,25.20 4 0
distributed-kvstore/cmd/client/main.go:25.20,28.3 2 0
distributed-kvstore/cmd/client/main.go:30.2,31.16 2 0
distributed-kvstore/cmd/client/main.go:31.16,33.3 1 0
distributed-kvstore/cmd/client/main.go:34.2,41.17 6 0
distributed-kvstore/cmd/client/main.go:42.13,43.20 1 0
distributed-kvstore/cmd/client/main.go:43.20,46.4 2 0
distributed-kvstore/cmd/client/main.go:47.3,47.35 1 0
distributed-kvstore/cmd/client/main.go:48.13,49.20 1 0
distributed-kvstore/cmd/client/main.go:49.20,52.4 2 0
distributed-kvstore/cmd/client/main.go:53.3,53.34 1 0
distributed-kvstore/cmd/client/main.go:54.16,55.20 1 0
distributed-kvstore/cmd/client/main.go:55.20,58.4 2 0
distributed-kvstore/cmd/client/main.go:59.3,59.37 1 0
distributed-kvstore/cmd/client/main.go:60.16,61.20 1 0
distributed-kvstore/cmd/client/main.go:61.20,64.4 2 0
distributed-kvstore/cmd/client/main.go:65.3,65.37 1 0
distributed-kvstore/cmd/client/main.go:66.14,68.20 2 0
distributed-kvstore/cmd/client/main.go:68.20,70.4 1 0
distributed-kvstore/cmd/client/main.go:71.3,71.34 1 0
distributed-kvstore/cmd/client/main.go:72.16,73.28 1 0
distributed-kvstore/cmd/client/main.go:74.15,75.27 1 0
distributed-kvstore/cmd/client/main.go:76.10,79.13 3 0
distributed-kvstore/cmd/client/main.go:83.82,89.19 2 0
distributed-kvstore/cmd/client/main.go:89.19,91.60 2 0
distributed-kvstore/cmd/client/main.go:91.60,93.4 1 0
distributed-kvstore/cmd/client/main.go:96.2,97.16 2 0
distributed-kvstore/cmd/client/main.go:97.16,99.3 1 0
distributed-kvstore/cmd/client/main.go:101.2,101.18 1 0
distributed-kvstore/cmd/client/main.go:101.18,103.3 1 0
distributed-kvstore/cmd/client/main.go:103.8,106.3 2 0
distributed-kvstore/cmd/client/main.go:109.79,111.16 2 0
distributed-kvstore/cmd/client/main.go:111.16,113.3 1 0
distributed-kvstore/cmd/client/main.go:115.2,115.16 1 0
distributed-kvstore/cmd/client/main.go:115.16,117.3 1 0
distributed-kvstore/cmd/client/main.go:117.8,117.29 1 0
distributed-kvstore/cmd/client/main.go:117.29,120.3 2 0
distributed-kvstore/cmd/client/main.go:120.8,123.3 2 0
distributed-kvstore/cmd/client/main.go:126.82,128.16 2 0
distributed-kvstore/cmd/client/main.go:128.16,130.3 1 0
distributed-kvstore/cmd/client/main.go:132.2,132.18 1 0
distributed-kvstore/cmd/client/main.go:132.18,133.19 1 0
distributed-kvstore/cmd/client/main.go:133.19,135.4 1 0
distributed-kvstore/cmd/client/main.go:135.9,137.4 1 0
distributed-kvstore/cmd/client/main.go:138.8,141.3 2 0
distributed-kvstore/cmd/client/main.go:144.82,146.16 2 0
distributed-kvstore/cmd/client/main.go:146.16,148.3 1 0
distributed-kvstore/cmd/client/main.go:150.2,150.22 1 0
distributed-kvstore/cmd/client/main.go:150.22,153.3 2 0
distributed-kvstore/cmd/client/main.go:155.2,155.17 1 0
distributed-kvstore/cmd/client/main.go:155.17,157.3 1 0
distributed-kvstore/cmd/client/main.go:157.8,159.3 1 0
distributed-kvstore/cmd/client/main.go:162.83,167.16 2 0
distributed-kvstore/cmd/client/main.go:167.16,169.3 1 0
distributed-kvstore/cmd/client/main.go:171.2,171.22 1 0
distributed-kvstore/cmd/client/main.go:171.22,174.3 2 0
distributed-kvstore/cmd/client/main.go:176.2,176.26 1 0
distributed-kvstore/cmd/client/main.go:176.26,179.3 2 0
distributed-kvstore/cmd/client/main.go:181.2,181.34 1 0
distributed-kvstore/cmd/client/main.go:181.34,183.3 1 0
distributed-kvstore/cmd/client/main.go:185.2,185.18 1 0
distributed-kvstore/cmd/client/main.go:185.18,187.3 1 0
distributed-kvstore/cmd/client/main.go:190.70,192.16 2 0
distributed-kvstore/cmd/client/main.go:192.16,194.3 1 0
distributed-kvstore/cmd/client/main.go:196.2,199.43 4 0
distributed-kvstore/cmd/client/main.go:202.69,206.16 2 0
distributed-kvstore/cmd/client/main.go:206.16,208.3 1 0
distributed-kvstore/cmd/client/main.go:210.2,210.22 1 0
distributed-kvstore/cmd/client/main.go:210.22,213.3 2 0
distributed-kvstore/cmd/client/main.go:215.2,220.27 5 0
distributed-kvstore/cmd/client/main.go:220.27,222.40 2 0
distributed-kvstore/cmd/client/main.go:222.40,224.4 1 0
distributed-kvstore/cmd/client/main.go:228.19,284.2 1 0
distributed-kvstore/cmd/kvtool/main.go:26.13,30.20 3 0
distributed-kvstore/cmd/kvtool/main.go:30.20,33.3 2 0
distributed-kvstore/cmd/kvtool/main.go:35.2,42.16 7 0
distributed-kvstore/cmd/kvtool/main.go:42.16,44.3 1 0
distributed-kvstore/cmd/kvtool/main.go:45.2,51.17 5 0
distributed-kvstore/cmd/kvtool/main.go:52.13,53.37 1 0
distributed-kvstore/cmd/kvtool/main.go:54.13,55.37 1 0
distributed-kvstore/cmd/kvtool/main.go:56.23,57.40 1 0
distributed-kvstore/cmd/kvtool/main.go:58.16,59.40 1 0
distributed-kvstore/cmd/kvtool/main.go:60.14,61.38 1 0
distributed-kvstore/cmd/kvtool/main.go:62.14,63.38 1 0
distributed-kvstore/cmd/kvtool/main.go:64.19,65.42 1 0
distributed-kvstore/cmd/kvtool/main.go:66.19,67.42 1 0
distributed-kvstore/cmd/kvtool/main.go:68.35,69.45 1 0
distributed-kvstore/cmd/kvtool/main.go:70.16,71.30 1 0
distributed-kvstore/cmd/kvtool/main.go:72.15,73.39 1 0
distributed-kvstore/cmd/kvtool/main.go:74.19,75.43 1 0
distributed-kvstore/cmd/kvtool/main.go:76.10,79.13 3 0
distributed-kvstore/cmd/kvtool/main.go:83.77,84.19 1 0
distributed-kvstore/cmd/kvtool/main.go:84.19,87.3 2 0
distributed-kvstore/cmd/kvtool/main.go:89.2,93.19 4 0
distributed-kvstore/cmd/kvtool/main.go:93.19,95.17 2 0
distributed-kvstore/cmd/kvtool/main.go:95.17,98.4 2 0
distributed-kvstore/cmd/kvtool/main.go:99.3,99.43 1 0
distributed-kvstore/cmd/kvtool/main.go:102.2,106.16 4 0
distributed-kvstore/cmd/kvtool/main.go:106.16,107.18 1 0
distributed-kvstore/cmd/kvtool/main.go:107.18,113.4 1 0
distributed-kvstore/cmd/kvtool/main.go:113.9,115.4 1 0
distributed-kvstore/cmd/kvtool/main.go:116.3,116.13 1 0
distributed-kvstore/cmd/kvtool/main.go:119.2,119.17 1 0
distributed-kvstore/cmd/kvtool/main.go:119.17,124.3 1 0
distributed-kvstore/cmd/kvtool/main.go:124.8,125.15 1 0
distributed-kvstore/cmd/kvtool/main.go:125.15,127.4 1 0
distributed-kvstore/cmd/kvtool/main.go:127.9,129.4 1 0
distributed-kvstore/cmd/kvtool/main.go:133.77,134.19 1 0
distributed-kvstore/cmd/kvtool/main.go:134.19,137.3 2 0
distributed-kvstore/cmd/kvtool/main.go:139.2,144.16 5 0
distributed-kvstore/cmd/kvtool/main.go:144.16,145.18 1 0
distributed-kvstore/cmd/kvtool/main.go:145.18,151.4 1 0
distributed-kvstore/cmd/kvtool/main.go:151.9,153.4 1 0
distributed-kvstore/cmd/kvtool/main.go:154.3,154.13 1 0
distributed-kvstore/cmd/kvtool/main.go:157.2,157.17 1 0
distributed-kvstore/cmd/kvtool/main.go:157.17,162.19 2 0
distributed-kvstore/cmd/kvtool/main.go:162.19,165.23 3 0
distributed-kvstore/cmd/kvtool/main.go:165.23,168.5 2 0
distributed-kvstore/cmd/kvtool/main.go:170.3,170.19 1 0
distributed-kvstore/cmd/kvtool/main.go:171.8,172.19 1 0
distributed-kvstore/cmd/kvtool/main.go:172.19,174.16 2 0
distributed-kvstore/cmd/kvtool/main.go:174.16,176.24 2 0
distributed-kvstore/cmd/kvtool/main.go:176.24,178.6 1 0
distributed-kvstore/cmd/kvtool/main.go:179.5,179.39 1 0
distributed-kvstore/cmd/kvtool/main.go:181.4,181.17 1 0
distributed-kvstore/cmd/kvtool/main.go:182.9,185.4 2 0
distributed-kvstore/cmd/kvtool/main.go:189.80,190.19 1 0
distributed-kvstore/cmd/kvtool/main.go:190.19,193.3 2 0
distributed-kvstore/cmd/kvtool/main.go:195.2,200.16 5 0
distributed-kvstore/cmd/kvtool/main.go:200.16,201.18 1 0
distributed-kvstore/cmd/kvtool/main.go:201.18,207.4 1 0
distributed-kvstore/cmd/kvtool/main.go:207.9,209.4 1 0
distributed-kvstore/cmd/kvtool/main.go:210.3,210.13 1 0
distributed-kvstore/cmd/kvtool/main.go:213.2,213.17 1 0
distributed-kvstore/cmd/kvtool/main.go:213.17,219.3 1 0
distributed-kvstore/cmd/kvtool/main.go:219.8,220.21 1 0
distributed-kvstore/cmd/kvtool/main.go:220.21,222.4 1 0
distributed-kvstore/cmd/kvtool/main.go:222.9,224.4 1 0
distributed-kvstore/cmd/kvtool/main.go:225.3,225.15 1 0
distributed-kvstore/cmd/kvtool/main.go:225.15,227.4 1 0
distributed-kvstore/cmd/kvtool/main.go:231.80,232.19 1 0
distributed-kvstore/cmd/kvtool/main.go:232.19,235.3 2 0
distributed-kvstore/cmd/kvtool/main.go:237.2,242.16 5 0
distributed-kvstore/cmd/kvtool/main.go:242.16,243.18 1 0
distributed-kvstore/cmd/kvtool/main.go:243.18,248.4 1 0
distributed-kvstore/cmd/kvtool/main.go:248.9,250.4 1 0
distributed-kvstore/cmd/kvtool/main.go:251.3,251.13 1 0
distributed-kvstore/cmd/kvtool/main.go:254.2,254.17 1 0
distributed-kvstore/cmd/kvtool/main.go:254.17,259.3 1 0
distributed-kvstore/cmd/kvtool/main.go:259.8,260.13 1 0
distributed-kvstore/cmd/kvtool/main.go:260.13,262.4 1 0
distributed-kvstore/cmd/kvtool/main.go:262.9,264.4 1 0
distributed-kvstore/cmd/kvtool/main.go:265.3,265.15 1 0
distributed-kvstore/cmd/kvtool/main.go:265.15,267.4 1 0
distributed-kvstore/cmd/kvtool/main.go:271.78,275.19 3 0
distributed-kvstore/cmd/kvtool/main.go:275.19,277.3 1 0
distributed-kvstore/cmd/kvtool/main.go:278.2,278.19 1 0
distributed-kvstore/cmd/kvtool/main.go:278.19,280.17 2 0
distributed-kvstore/cmd/kvtool/main.go:280.17,283.4 2 0
distributed-kvstore/cmd/kvtool/main.go:284.3,284.19 1 0
distributed-kvstore/cmd/kvtool/main.go:287.2,291.16 4 0
distributed-kvstore/cmd/kvtool/main.go:291.16,292.18 1 0
distributed-kvstore/cmd/kvtool/main.go:292.18,297.4 1 0
distributed-kvstore/cmd/kvtool/main.go:297.9,299.4 1 0
distributed-kvstore/cmd/kvtool/main.go:300.3,300.13 1 0
distributed-kvstore/cmd/kvtool/main.go:303.2,303.17 1 0
distributed-kvstore/cmd/kvtool/main.go:303.17,305.37 2 0
distributed-kvstore/cmd/kvtool/main.go:305.37,311.33 2 0
distributed-kvstore/cmd/kvtool/main.go:311.33,313.5 1 0
distributed-kvstore/cmd/kvtool/main.go:314.4,314.23 1 0
distributed-kvstore/cmd/kvtool/main.go:317.3,323.5 1 0
distributed-kvstore/cmd/kvtool/main.go:324.8,325.23 1 0
distributed-kvstore/cmd/kvtool/main.go:325.23,328.4 2 0
distributed-kvstore/cmd/kvtool/main.go:330.3,330.37 1 0
distributed-kvstore/cmd/kvtool/main.go:330.37,332.16 2 0
distributed-kvstore/cmd/kvtool/main.go:332.16,334.34 2 0
distributed-kvstore/cmd/kvtool/main.go:334.34,336.6 1 0
distributed-kvstore/cmd/kvtool/main.go:337.5,337.20 1 0
distributed-kvstore/cmd/kvtool/main.go:339.4,339.17 1 0
distributed-kvstore/cmd/kvtool/main.go:342.3,342.21 1 0
distributed-kvstore/cmd/kvtool/main.go:342.21,344.4 1 0
distributed-kvstore/cmd/kvtool/main.go:346.3,346.15 1 0
distributed-kvstore/cmd/kvtool/main.go:346.15,348.4 1 0
distributed-kvstore/cmd/kvtool/main.go:352.78,356.19 3 0
distributed-kvstore/cmd/kvtool/main.go:356.19,358.3 1 0
distributed-kvstore/cmd/kvtool/main.go:359.2,359.19 1 0
distributed-kvstore/cmd/kvtool/main.go:359.19,361.17 2 0
distributed-kvstore/cmd/kvtool/main.go:361.17,364.4 2 0
distributed-kvstore/cmd/kvtool/main.go:365.3,365.19 1 0
distributed-kvstore/cmd/kvtool/main.go:368.2,372.16 4 0
distributed-kvstore/cmd/kvtool/main.go:372.16,373.18 1 0
distributed-kvstore/cmd/kvtool/main.go:373.18,378.4 1 0
distributed-kvstore/cmd/kvtool/main.go:378.9,380.4 1 0
distributed-kvstore/cmd/kvtool/main.go:381.3,381.13 1 0
distributed-kvstore/cmd/kvtool/main.go:384.2,384.17 1 0
distributed-kvstore/cmd/kvtool/main.go:384.17,392.3 1 0
distributed-kvstore/cmd/kvtool/main.go:392.8,393.23 1 0
distributed-kvstore/cmd/kvtool/main.go:393.23,396.4 2 0
distributed-kvstore/cmd/kvtool/main.go:398.3,398.35 1 0
distributed-kvstore/cmd/kvtool/main.go:398.35,400.4 1 0
distributed-kvstore/cmd/kvtool/main.go:402.3,402.21 1 0
distributed-kvstore/cmd/kvtool/main.go:402.21,404.4 1 0
distributed-kvstore/cmd/kvtool/main.go:406.3,406.15 1 0
distributed-kvstore/cmd/kvtool/main.go:406.15,408.4 1 0
distributed-kvstore/cmd/kvtool/main.go:412.82,413.39 1 0
distributed-kvstore/cmd/kvtool/main.go:413.39,416.3 2 0
distributed-kvstore/cmd/kvtool/main.go:418.2,419.36 2 0
distributed-kvstore/cmd/kvtool/main.go:419.36,424.3 1 0
distributed-kvstore/cmd/kvtool/main.go:426.2,430.16 4 0
distributed-kvstore/cmd/kvtool/main.go:430.16,431.18 1 0
distributed-kvstore/cmd/kvtool/main.go:431.18,436.4 1 0
distributed-kvstore/cmd/kvtool/main.go:436.9,438.4 1 0
distributed-kvstore/cmd/kvtool/main.go:439.3,439.13 1 0
distributed-kvstore/cmd/kvtool/main.go:442.2,442.17 1 0
distributed-kvstore/cmd/kvtool/main.go:442.17,444.42 2 0
distributed-kvstore/cmd/kvtool/main.go:444.42,449.4 1 0
distributed-kvstore/cmd/kvtool/main.go:451.3,458.5 1 0
distributed-kvstore/cmd/kvtool/main.go:459.8,463.25 2 0
distributed-kvstore/cmd/kvtool/main.go:463.25,465.43 2 0
distributed-kvstore/cmd/kvtool/main.go:465.43,467.5 1 0
distributed-kvstore/cmd/kvtool/main.go:470.3,470.15 1 0
distributed-kvstore/cmd/kvtool/main.go:470.15,472.4 1 0
distributed-kvstore/cmd/kvtool/main.go:476.82,477.19 1 0
distributed-kvstore/cmd/kvtool/main.go:477.19,480.3 2 0
distributed-kvstore/cmd/kvtool/main.go:482.2,486.16 4 0
distributed-kvstore/cmd/kvtool/main.go:486.16,487.18 1 0
distributed-kvstore/cmd/kvtool/main.go:487.18,492.4 1 0
distributed-kvstore/cmd/kvtool/main.go:492.9,494.4 1 0
distributed-kvstore/cmd/kvtool/main.go:495.3,495.13 1 0
distributed-kvstore/cmd/kvtool/main.go:498.2,498.17 1 0
distributed-kvstore/cmd/kvtool/main.go:498.17,500.34 2 0
distributed-kvstore/cmd/kvtool/main.go:500.34,505.20 2 0
distributed-kvstore/cmd/kvtool/main.go:505.20,508.24 3 0
distributed-kvstore/cmd/kvtool/main.go:508.24,510.6 1 0
distributed-kvstore/cmd/kvtool/main.go:512.4,512.23 1 0
distributed-kvstore/cmd/kvtool/main.go:515.3,519.5 1 0
distributed-kvstore/cmd/kvtool/main.go:520.8,522.34 2 0
distributed-kvstore/cmd/kvtool/main.go:522.34,524.20 2 0
distributed-kvstore/cmd/kvtool/main.go:524.20,527.36 3 0
distributed-kvstore/cmd/kvtool/main.go:527.36,529.6 1 0
distributed-kvstore/cmd/kvtool/main.go:530.10,532.5 1 0
distributed-kvstore/cmd/kvtool/main.go:533.4,533.17 1 0
distributed-kvstore/cmd/kvtool/main.go:536.3,536.15 1 0
distributed-kvstore/cmd/kvtool/main.go:536.15,538.4 1 0
distributed-kvstore/cmd/kvtool/main.go:542.85,543.19 1 0
distributed-kvstore/cmd/kvtool/main.go:543.19,546.3 2 0
distributed-kvstore/cmd/kvtool/main.go:548.2,552.16 4 0
distributed-kvstore/cmd/kvtool/main.go:552.16,553.18 1 0
distributed-kvstore/cmd/kvtool/main.go:553.18,558.4 1 0
distributed-kvstore/cmd/kvtool/main.go:558.9,560.4 1 0
distributed-kvstore/cmd/kvtool/main.go:561.3,561.13 1 0
distributed-kvstore/cmd/kvtool/main.go:564.2,564.17 1 0
distributed-kvstore/cmd/kvtool/main.go:564.17,566.42 2 0
distributed-kvstore/cmd/kvtool/main.go:566.42,571.4 1 0
distributed-kvstore/cmd/kvtool/main.go:573.3,580.5 1 0
distributed-kvstore/cmd/kvtool/main.go:581.8,585.25 2 0
distributed-kvstore/cmd/kvtool/main.go:585.25,587.43 2 0
distributed-kvstore/cmd/kvtool/main.go:587.43,589.5 1 0
distributed-kvstore/cmd/kvtool/main.go:592.3,592.15 1 0
distributed-kvstore/cmd/kvtool/main.go:592.15,594.4 1 0
distributed-kvstore/cmd/kvtool/main.go:598.65,603.16 4 0
distributed-kvstore/cmd/kvtool/main.go:603.16,604.18 1 0
distributed-kvstore/cmd/kvtool/main.go:604.18,609.4 1 0
distributed-kvstore/cmd/kvtool/main.go:609.9,611.4 1 0
distributed-kvstore/cmd/kvtool/main.go:612.3,612.13 1 0
distributed-kvstore/cmd/kvtool/main.go:615.2,615.17 1 0
distributed-kvstore/cmd/kvtool/main.go:615.17,623.3 1 0
distributed-kvstore/cmd/kvtool/main.go:623.8,629.15 5 0
distributed-kvstore/cmd/kvtool/main.go:629.15,631.4 1 0
distributed-kvstore/cmd/kvtool/main.go:635.79,642.16 5 0
distributed-kvstore/cmd/kvtool/main.go:642.16,643.18 1 0
distributed-kvstore/cmd/kvtool/main.go:643.18,648.4 1 0
distributed-kvstore/cmd/kvtool/main.go:648.9,650.4 1 0
distributed-kvstore/cmd/kvtool/main.go:651.3,651.13 1 0
distributed-kvstore/cmd/kvtool/main.go:654.2,654.17 1 0
distributed-kvstore/cmd/kvtool/main.go:654.17,662.48 2 0
distributed-kvstore/cmd/kvtool/main.go:662.48,664.4 1 0
distributed-kvstore/cmd/kvtool/main.go:665.3,665.19 1 0
distributed-kvstore/cmd/kvtool/main.go:666.8,672.48 5 0
distributed-kvstore/cmd/kvtool/main.go:672.48,674.43 2 0
distributed-kvstore/cmd/kvtool/main.go:674.43,676.5 1 0
distributed-kvstore/cmd/kvtool/main.go:679.3,679.15 1 0
distributed-kvstore/cmd/kvtool/main.go:679.15,681.4 1 0
distributed-kvstore/cmd/kvtool/main.go:685.83,690.19 4 0
distributed-kvstore/cmd/kvtool/main.go:690.19,692.17 2 0
distributed-kvstore/cmd/kvtool/main.go:692.17,695.4 2 0
distributed-kvstore/cmd/kvtool/main.go:696.3,696.19 1 0
distributed-kvstore/cmd/kvtool/main.go:699.2,703.34 3 0
distributed-kvstore/cmd/kvtool/main.go:703.34,710.3 3 0
distributed-kvstore/cmd/kvtool/main.go:713.2,718.16 5 0
distributed-kvstore/cmd/kvtool/main.go:718.16,721.3 2 0
distributed-kvstore/cmd/kvtool/main.go:723.2,730.29 5 0
distributed-kvstore/cmd/kvtool/main.go:730.29,732.3 1 0
distributed-kvstore/cmd/kvtool/main.go:734.2,738.16 4 0
distributed-kvstore/cmd/kvtool/main.go:738.16,741.3 2 0
distributed-kvstore/cmd/kvtool/main.go:743.2,744.39 2 0
distributed-kvstore/cmd/kvtool/main.go:744.39,745.22 1 0
distributed-kvstore/cmd/kvtool/main.go:745.22,747.4 1 0
distributed-kvstore/cmd/kvtool/main.go:750.2,759.47 6 0
distributed-kvstore/cmd/kvtool/main.go:762.35,764.16 2 0
distributed-kvstore/cmd/kvtool/main.go:764.16,767.3 2 0
distributed-kvstore/cmd/kvtool/main.go:768.2,768.29 1 0
distributed-kvstore/cmd/kvtool/main.go:771.19,853.2 1 0
distributed-kvstore/internal/logging/config.go:8.54,19.2 1 1
distributed-kvstore/internal/logging/config.go:22.53,33.2 1 1
distributed-kvstore/internal/logging/config.go:36.47,47.2 1 1
distributed-kvstore/internal/logging/config.go:50.53,61.2 1 1
distributed-kvstore/internal/logging/config.go:64.70,65.21 1 0
distributed-kvstore/internal/logging/config.go:66.28,67.43 1 0
distributed-kvstore/internal/logging/config.go:68.28,69.42 1 0
distributed-kvstore/internal/logging/config.go:70.25,71.36 1 0
distributed-kvstore/internal/logging/config.go:72.26,75.27 3 0
distributed-kvstore/internal/logging/config.go:76.21,77.42 1 0
distributed-kvstore/internal/logging/correlation.go:19.37,21.44 2 1
distributed-kvstore/internal/logging/correlation.go:21.44,24.3 1 0
distributed-kvstore/internal/logging/correlation.go:25.2,25.57 1 1
distributed-kvstore/internal/logging/correlation.go:29.33,31.44 2 1
distributed-kvstore/internal/logging/correlation.go:31.44,34.3 1 0
distributed-kvstore/internal/logging/correlation.go:35.2,35.57 1 1
distributed-kvstore/internal/logging/correlation.go:39.78,40.46 1 0
distributed-kvstore/internal/logging/correlation.go:40.46,41.72 1 0
distributed-kvstore/internal/logging/correlation.go:41.72,46.27 3 0
distributed-kvstore/internal/logging/correlation.go:46.27,48.5 1 0
distributed-kvstore/internal/logging/correlation.go:51.4,52.23 2 0
distributed-kvstore/internal/logging/correlation.go:52.23,54.5 1 0
distributed-kvstore/internal/logging/correlation.go:57.4,72.24 8 0
distributed-kvstore/internal/logging/correlation.go:78.72,79.46 1 0
distributed-kvstore/internal/logging/correlation.go:79.46,80.72 1 0
distributed-kvstore/internal/logging/correlation.go:80.72,96.4 5 0
distributed-kvstore/internal/logging/correlation.go:107.49,110.2 2 0
distributed-kvstore/internal/logging/correlation.go:112.59,116.2 3 0
distributed-kvstore/internal/logging/correlation.go:119.55,120.50 1 1
distributed-kvstore/internal/logging/correlation.go:120.50,121.33 1 1
distributed-kvstore/internal/logging/correlation.go:121.33,123.4 1 1
distributed-kvstore/internal/logging/correlation.go:125.2,125.11 1 0
distributed-kvstore/internal/logging/correlation.go:129.51,130.46 1 1
distributed-kvstore/internal/logging/correlation.go:130.46,131.33 1 1
distributed-kvstore/internal/logging/correlation.go:131.33,133.4 1 1
distributed-kvstore/internal/logging/correlation.go:135.2,135.11 1 0
distributed-kvstore/internal/logging/correlation.go:139.69,140.69 1 0
distributed-kvstore/internal/logging/correlation.go:140.69,142.3 1 0
distributed-kvstore/internal/logging/correlation.go:143.2,143.57 1 0
distributed-kvstore/internal/logging/correlation.go:143.57,145.3 1 0
distributed-kvstore/internal/logging/correlation.go:149.74,152.69 2 0
distributed-kvstore/internal/logging/correlation.go:152.69,154.3 1 0
distributed-kvstore/internal/logging/correlation.go:155.2,155.57 1 0
distributed-kvstore/internal/logging/correlation.go:155.57,157.3 1 0
distributed-kvstore/internal/logging/correlation.go:159.2,159.17 1 0
distributed-kvstore/internal/logging/correlation.go:163.97,164.25 1 1
distributed-kvstore/internal/logging/correlation.go:164.25,166.3 1 1
distributed-kvstore/internal/logging/correlation.go:167.2,167.21 1 1
distributed-kvstore/internal/logging/correlation.go:167.21,169.3 1 1
distributed-kvstore/internal/logging/correlation.go:170.2,170.12 1 1
distributed-kvstore/internal/logging/correlation.go:174.46,181.18 4 1
distributed-kvstore/internal/logging/correlation.go:181.18,183.3 1 1
distributed-kvstore/internal/logging/correlation.go:185.2,185.11 1 1
distributed-kvstore/internal/logging/logger.go:28.51,30.19 2 1
distributed-kvstore/internal/logging/logger.go:31.15,32.26 1 1
distributed-kvstore/internal/logging/logger.go:33.14,34.25 1 1
distributed-kvstore/internal/logging/logger.go:35.25,36.25 1 1
distributed-kvstore/internal/logging/logger.go:37.15,38.26 1 1
distributed-kvstore/internal/logging/logger.go:39.10,40.25 1 0
distributed-kvstore/internal/logging/logger.go:43.2,44.20 2 1
distributed-kvstore/internal/logging/logger.go:45.16,46.21 1 1
distributed-kvstore/internal/logging/logger.go:47.16,48.21 1 1
distributed-kvstore/internal/logging/logger.go:49.10,50.23 1 0
distributed-kvstore/internal/logging/logger.go:50.23,52.18 2 0
distributed-kvstore/internal/logging/logger.go:52.18,54.5 1 0
distributed-kvstore/internal/logging/logger.go:54.10,57.5 2 0
distributed-kvstore/internal/logging/logger.go:58.9,60.4 1 0
distributed-kvstore/internal/logging/logger.go:63.2,67.61 2 1
distributed-kvstore/internal/logging/logger.go:67.61,69.29 1 1
distributed-kvstore/internal/logging/logger.go:69.29,71.5 1 1
distributed-kvstore/internal/logging/logger.go:72.4,72.12 1 1
distributed-kvstore/internal/logging/logger.go:76.2,76.20 1 1
distributed-kvstore/internal/logging/logger.go:77.14,78.46 1 1
distributed-kvstore/internal/logging/logger.go:79.25,80.46 1 1
distributed-kvstore/internal/logging/logger.go:81.10,83.46 1 0
distributed-kvstore/internal/logging/logger.go:86.2,92.3 3 1
distributed-kvstore/internal/logging/logger.go:96.59,100.72 2 1
distributed-kvstore/internal/logging/logger.go:100.72,102.3 1 1
distributed-kvstore/internal/logging/logger.go:105.2,105.60 1 1
distributed-kvstore/internal/logging/logger.go:105.60,107.3 1 1
distributed-kvstore/internal/logging/logger.go:110.2,110.51 1 1
distributed-kvstore/internal/logging/logger.go:110.51,112.3 1 0
distributed-kvstore/internal/logging/logger.go:115.2,115.54 1 1
distributed-kvstore/internal/logging/logger.go:115.54,117.3 1 0
distributed-kvstore/internal/logging/logger.go:119.2,122.3 1 1
distributed-kvstore/internal/logging/logger.go:126.68,128.33 2 1
distributed-kvstore/internal/logging/logger.go:128.33,130.3 1 1
distributed-kvstore/internal/logging/logger.go:132.2,135.3 1 1
distributed-kvstore/internal/logging/logger.go:139.67,144.2 1 1
distributed-kvstore/internal/logging/logger.go:147.47,152.2 1 1
distributed-kvstore/internal/logging/logger.go:155.85,157.2 1 1
distributed-kvstore/internal/logging/logger.go:160.84,162.2 1 1
distributed-kvstore/internal/logging/logger.go:165.84,167.2 1 1
distributed-kvstore/internal/logging/logger.go:170.85,172.2 1 1
distributed-kvstore/internal/logging/logger.go:175.84,181.2 1 0
distributed-kvstore/internal/logging/logger.go:184.123,186.43 2 0
distributed-kvstore/internal/logging/logger.go:186.43,188.3 1 0
distributed-kvstore/internal/logging/logger.go:188.8,188.30 1 0
distributed-kvstore/internal/logging/logger.go:188.30,190.3 1 0
distributed-kvstore/internal/logging/logger.go:192.2,198.3 1 0
distributed-kvstore/internal/logging/logger.go:202.115,209.16 2 1
distributed-kvstore/internal/logging/logger.go:209.16,211.3 1 1
distributed-kvstore/internal/logging/logger.go:211.8,213.3 1 1
distributed-kvstore/internal/logging/logger.go:217.106,223.34 2 1
distributed-kvstore/internal/logging/logger.go:223.34,225.3 1 1
distributed-kvstore/internal/logging/logger.go:227.2,227.51 1 1
distributed-kvstore/internal/logging/logger.go:231.124,238.34 2 1
distributed-kvstore/internal/logging/logger.go:238.34,240.3 1 1
distributed-kvstore/internal/logging/logger.go:242.2,243.18 2 1
distributed-kvstore/internal/logging/logger.go:244.13,245.25 1 0
distributed-kvstore/internal/logging/logger.go:246.16,247.25 1 0
distributed-kvstore/internal/logging/logger.go:248.26,249.26 1 1
distributed-kvstore/internal/logging/logger.go:250.10,251.25 1 0
distributed-kvstore/internal/logging/logger.go:254.2,254.63 1 1
distributed-kvstore/internal/logging/logger.go:258.118,265.31 2 1
distributed-kvstore/internal/logging/logger.go:265.31,267.3 1 1
distributed-kvstore/internal/logging/logger.go:269.2,269.56 1 1
distributed-kvstore/internal/monitoring/dashboard.go:20.121,26.2 1 1
distributed-kvstore/internal/monitoring/dashboard.go:81.71,82.20 1 1
distributed-kvstore/internal/monitoring/dashboard.go:83.20,84.29 1 1
distributed-kvstore/internal/monitoring/dashboard.go:85.31,86.25 1 1
distributed-kvstore/internal/monitoring/dashboard.go:87.32,88.26 1 1
distributed-kvstore/internal/monitoring/dashboard.go:89.31,90.25 1 1
distributed-kvstore/internal/monitoring/dashboard.go:91.31,92.25 1 1
distributed-kvstore/internal/monitoring/dashboard.go:93.10,94.22 1 1
distributed-kvstore/internal/monitoring/dashboard.go:98.80,104.16 4 1
distributed-kvstore/internal/monitoring/dashboard.go:104.16,107.3 2 0
distributed-kvstore/internal/monitoring/dashboard.go:109.2,109.46 1 1
distributed-kvstore/internal/monitoring/dashboard.go:109.46,112.3 2 0
distributed-kvstore/internal/monitoring/dashboard.go:115.76,120.2 3 1
distributed-kvstore/internal/monitoring/dashboard.go:122.77,128.2 4 1
distributed-kvstore/internal/monitoring/dashboard.go:130.76,135.2 3 1
distributed-kvstore/internal/monitoring/dashboard.go:137.76,142.2 3 1
distributed-kvstore/internal/monitoring/dashboard.go:144.54,164.2 4 1
distributed-kvstore/internal/monitoring/dashboard.go:166.50,177.2 3 1
distributed-kvstore/internal/monitoring/dashboard.go:179.51,185.26 3 1
distributed-kvstore/internal/monitoring/dashboard.go:185.26,208.3 6 1
distributed-kvstore/internal/monitoring/dashboard.go:210.2,215.3 1 1
distributed-kvstore/internal/monitoring/dashboard.go:218.46,224.41 3 1
distributed-kvstore/internal/monitoring/dashboard.go:224.41,225.42 1 1
distributed-kvstore/internal/monitoring/dashboard.go:225.42,227.45 2 1
distributed-kvstore/internal/monitoring/dashboard.go:227.45,229.5 1 0
distributed-kvstore/internal/monitoring/dashboard.go:231.4,237.6 1 1
distributed-kvstore/internal/monitoring/dashboard.go:242.2,243.20 2 1
distributed-kvstore/internal/monitoring/dashboard.go:243.20,251.3 1 1
distributed-kvstore/internal/monitoring/dashboard.go:253.2,254.23 2 1
distributed-kvstore/internal/monitoring/dashboard.go:254.23,262.3 1 0
distributed-kvstore/internal/monitoring/dashboard.go:265.2,265.41 1 1
distributed-kvstore/internal/monitoring/dashboard.go:265.41,267.3 1 1
distributed-kvstore/internal/monitoring/dashboard.go:269.2,269.15 1 1
distributed-kvstore/internal/monitoring/health.go:82.54,89.2 1 1
distributed-kvstore/internal/monitoring/health.go:92.65,94.2 1 1
distributed-kvstore/internal/monitoring/health.go:97.74,103.38 4 1
distributed-kvstore/internal/monitoring/health.go:103.38,115.23 9 1
distributed-kvstore/internal/monitoring/health.go:116.28,117.21 1 1
distributed-kvstore/internal/monitoring/health.go:118.29,120.44 2 1
distributed-kvstore/internal/monitoring/health.go:120.44,122.5 1 1
distributed-kvstore/internal/monitoring/health.go:123.30,126.22 3 1
distributed-kvstore/internal/monitoring/health.go:126.22,128.5 1 1
distributed-kvstore/internal/monitoring/health.go:133.2,133.26 1 1
distributed-kvstore/internal/monitoring/health.go:133.26,135.3 1 1
distributed-kvstore/internal/monitoring/health.go:137.2,145.3 1 1
distributed-kvstore/internal/monitoring/health.go:149.66,151.2 1 0
distributed-kvstore/internal/monitoring/health.go:154.53,167.2 3 1
distributed-kvstore/internal/monitoring/health.go:174.83,176.2 1 1
distributed-kvstore/internal/monitoring/health.go:178.46,180.2 1 1
distributed-kvstore/internal/monitoring/health.go:182.50,184.2 1 1
distributed-kvstore/internal/monitoring/health.go:186.71,194.58 4 1
distributed-kvstore/internal/monitoring/health.go:194.58,204.3 1 1
distributed-kvstore/internal/monitoring/health.go:207.2,208.16 2 1
distributed-kvstore/internal/monitoring/health.go:208.16,218.3 1 0
distributed-kvstore/internal/monitoring/health.go:220.2,220.40 1 1
distributed-kvstore/internal/monitoring/health.go:220.40,230.3 1 0
distributed-kvstore/internal/monitoring/health.go:233.2,233.50 1 1
distributed-kvstore/internal/monitoring/health.go:233.50,243.3 1 0
distributed-kvstore/internal/monitoring/health.go:246.2,250.37 4 1
distributed-kvstore/internal/monitoring/health.go:250.37,252.3 1 0
distributed-kvstore/internal/monitoring/health.go:255.2,267.3 3 1
distributed-kvstore/internal/monitoring/health.go:275.70,277.2 1 1
distributed-kvstore/internal/monitoring/health.go:279.45,281.2 1 1
distributed-kvstore/internal/monitoring/health.go:283.49,285.2 1 1
distributed-kvstore/internal/monitoring/health.go:287.70,297.23 7 1
distributed-kvstore/internal/monitoring/health.go:297.23,298.30 1 1
distributed-kvstore/internal/monitoring/health.go:298.30,301.4 2 0
distributed-kvstore/internal/monitoring/health.go:301.9,301.44 1 1
distributed-kvstore/internal/monitoring/health.go:301.44,304.4 2 0
distributed-kvstore/internal/monitoring/health.go:307.2,318.3 1 1
distributed-kvstore/internal/monitoring/health.go:326.75,328.2 1 1
distributed-kvstore/internal/monitoring/health.go:330.48,332.2 1 1
distributed-kvstore/internal/monitoring/health.go:334.52,336.2 1 1
distributed-kvstore/internal/monitoring/health.go:338.73,344.25 4 1
distributed-kvstore/internal/monitoring/health.go:344.25,345.38 1 1
distributed-kvstore/internal/monitoring/health.go:345.38,348.4 2 0
distributed-kvstore/internal/monitoring/health.go:348.9,348.52 1 1
distributed-kvstore/internal/monitoring/health.go:348.52,351.4 2 1
distributed-kvstore/internal/monitoring/health.go:354.2,362.3 1 1
distributed-kvstore/internal/monitoring/health.go:374.110,384.2 1 1
distributed-kvstore/internal/monitoring/health.go:386.47,388.2 1 1
distributed-kvstore/internal/monitoring/health.go:390.51,392.2 1 1
distributed-kvstore/internal/monitoring/health.go:394.72,398.16 3 1
distributed-kvstore/internal/monitoring/health.go:398.16,404.3 1 0
distributed-kvstore/internal/monitoring/health.go:406.2,407.16 2 1
distributed-kvstore/internal/monitoring/health.go:407.16,417.3 1 1
distributed-kvstore/internal/monitoring/health.go:418.2,423.28 4 1
distributed-kvstore/internal/monitoring/health.go:423.28,425.3 1 1
distributed-kvstore/internal/monitoring/health.go:425.8,425.61 1 1
distributed-kvstore/internal/monitoring/health.go:425.61,427.3 1 0
distributed-kvstore/internal/monitoring/health.go:429.2,438.3 1 1
distributed-kvstore/internal/monitoring/integration.go:23.83,52.2 9 1
distributed-kvstore/internal/monitoring/integration.go:55.38,57.2 1 1
distributed-kvstore/internal/monitoring/integration.go:60.37,62.2 1 1
distributed-kvstore/internal/monitoring/integration.go:65.66,66.54 1 1
distributed-kvstore/internal/monitoring/integration.go:66.54,74.45 5 1
distributed-kvstore/internal/monitoring/integration.go:74.45,76.4 1 1
distributed-kvstore/internal/monitoring/integration.go:76.9,76.51 1 1
distributed-kvstore/internal/monitoring/integration.go:76.51,78.4 1 0
distributed-kvstore/internal/monitoring/integration.go:80.3,83.59 3 1
distributed-kvstore/internal/monitoring/integration.go:83.59,85.4 1 0
distributed-kvstore/internal/monitoring/integration.go:90.63,92.2 1 1
distributed-kvstore/internal/monitoring/integration.go:95.65,97.2 1 1
distributed-kvstore/internal/monitoring/integration.go:100.129,103.22 3 1
distributed-kvstore/internal/monitoring/integration.go:103.22,105.3 1 1
distributed-kvstore/internal/monitoring/integration.go:108.2,108.23 1 1
distributed-kvstore/internal/monitoring/integration.go:108.23,110.3 1 1
distributed-kvstore/internal/monitoring/integration.go:114.109,117.14 2 1
distributed-kvstore/internal/monitoring/integration.go:117.14,119.3 1 1
distributed-kvstore/internal/monitoring/integration.go:122.2,122.58 1 1
distributed-kvstore/internal/monitoring/integration.go:126.81,127.56 1 1
distributed-kvstore/internal/monitoring/integration.go:127.56,129.3 1 1
distributed-kvstore/internal/monitoring/integration.go:130.2,130.51 1 1
distributed-kvstore/internal/monitoring/integration.go:130.51,132.3 1 1
distributed-kvstore/internal/monitoring/integration.go:136.83,137.71 1 1
distributed-kvstore/internal/monitoring/integration.go:137.71,153.3 5 1
distributed-kvstore/internal/monitoring/integration.go:163.60,166.2 2 1
distributed-kvstore/internal/monitoring/integration.go:168.70,172.2 3 1
distributed-kvstore/internal/monitoring/integration.go:202.38,213.2 3 1
distributed-kvstore/internal/monitoring/integration.go:216.43,222.75 1 1
distributed-kvstore/internal/monitoring/integration.go:222.75,223.74 1 1
distributed-kvstore/internal/monitoring/integration.go:223.74,226.5 2 1
distributed-kvstore/internal/monitoring/integration.go:227.4,227.16 1 1
distributed-kvstore/internal/monitoring/integration.go:232.2,236.75 1 1
distributed-kvstore/internal/monitoring/integration.go:236.75,238.75 2 1
distributed-kvstore/internal/monitoring/integration.go:238.75,240.5 1 1
distributed-kvstore/internal/monitoring/integration.go:241.4,241.79 1 1
distributed-kvstore/internal/monitoring/integration.go:241.79,243.5 1 1
distributed-kvstore/internal/monitoring/integration.go:245.4,245.25 1 1
distributed-kvstore/internal/monitoring/integration.go:245.25,248.5 2 1
distributed-kvstore/internal/monitoring/integration.go:249.4,249.16 1 1
distributed-kvstore/internal/monitoring/integration.go:254.2,258.75 1 1
distributed-kvstore/internal/monitoring/integration.go:258.75,259.64 1 1
distributed-kvstore/internal/monitoring/integration.go:259.64,261.5 1 1
distributed-kvstore/internal/monitoring/integration.go:262.4,262.16 1 1
distributed-kvstore/internal/monitoring/integration.go:268.88,269.32 1 1
distributed-kvstore/internal/monitoring/integration.go:269.32,270.38 1 1
distributed-kvstore/internal/monitoring/integration.go:270.38,280.11 2 1
distributed-kvstore/internal/monitoring/integration.go:281.35,281.35 0 1
distributed-kvstore/internal/monitoring/integration.go:282.12,282.12 0 1
distributed-kvstore/internal/monitoring/integration.go:286.4,286.40 1 1
distributed-kvstore/internal/monitoring/integration.go:292.45,294.2 1 1
distributed-kvstore/internal/monitoring/integration.go:297.57,299.2 1 1
distributed-kvstore/internal/monitoring/metrics.go:44.44,52.2 1 1
distributed-kvstore/internal/monitoring/metrics.go:62.93,75.2 5 1
distributed-kvstore/internal/monitoring/metrics.go:77.25,79.2 1 1
distributed-kvstore/internal/monitoring/metrics.go:81.38,83.2 1 1
distributed-kvstore/internal/monitoring/metrics.go:85.33,87.2 1 1
distributed-kvstore/internal/monitoring/metrics.go:97.89,109.2 5 1
distributed-kvstore/internal/monitoring/metrics.go:111.36,113.2 1 1
distributed-kvstore/internal/monitoring/metrics.go:115.23,117.2 1 1
distributed-kvstore/internal/monitoring/metrics.go:119.23,121.2 1 1
distributed-kvstore/internal/monitoring/metrics.go:123.36,125.2 1 1
distributed-kvstore/internal/monitoring/metrics.go:127.36,129.2 1 1
distributed-kvstore/internal/monitoring/metrics.go:131.31,133.2 1 1
distributed-kvstore/internal/monitoring/metrics.go:147.116,151.20 3 1
distributed-kvstore/internal/monitoring/metrics.go:151.20,153.3 1 1
distributed-kvstore/internal/monitoring/metrics.go:155.2,164.18 3 1
distributed-kvstore/internal/monitoring/metrics.go:167.44,174.35 5 1
distributed-kvstore/internal/monitoring/metrics.go:174.35,175.22 1 1
distributed-kvstore/internal/monitoring/metrics.go:175.22,178.4 2 1
distributed-kvstore/internal/monitoring/metrics.go:181.2,181.47 1 1
distributed-kvstore/internal/monitoring/metrics.go:184.50,189.35 4 1
distributed-kvstore/internal/monitoring/metrics.go:189.35,191.3 1 1
distributed-kvstore/internal/monitoring/metrics.go:192.2,198.3 2 1
distributed-kvstore/internal/monitoring/metrics.go:213.114,217.22 3 1
distributed-kvstore/internal/monitoring/metrics.go:217.22,219.3 1 1
distributed-kvstore/internal/monitoring/metrics.go:221.2,230.16 3 1
distributed-kvstore/internal/monitoring/metrics.go:233.42,242.26 6 1
distributed-kvstore/internal/monitoring/metrics.go:242.26,244.3 1 0
distributed-kvstore/internal/monitoring/metrics.go:247.48,253.23 4 1
distributed-kvstore/internal/monitoring/metrics.go:253.23,254.33 1 1
distributed-kvstore/internal/monitoring/metrics.go:254.33,256.27 2 1
distributed-kvstore/internal/monitoring/metrics.go:256.27,258.5 1 1
distributed-kvstore/internal/monitoring/metrics.go:262.2,266.3 1 1
distributed-kvstore/internal/monitoring/metrics.go:270.63,278.41 5 1
distributed-kvstore/internal/monitoring/metrics.go:278.41,288.3 1 1
distributed-kvstore/internal/monitoring/metrics.go:291.2,291.37 1 1
distributed-kvstore/internal/monitoring/metrics.go:291.37,300.3 1 1
distributed-kvstore/internal/monitoring/metrics.go:303.2,303.45 1 1
distributed-kvstore/internal/monitoring/metrics.go:303.45,313.3 1 1
distributed-kvstore/internal/monitoring/metrics.go:316.2,316.42 1 1
distributed-kvstore/internal/monitoring/metrics.go:316.42,326.3 1 1
distributed-kvstore/internal/monitoring/metrics.go:328.2,328.15 1 1
distributed-kvstore/internal/monitoring/metrics.go:363.42,395.2 2 1
distributed-kvstore/internal/monitoring/metrics.go:398.48,406.24 5 1
distributed-kvstore/internal/monitoring/metrics.go:406.24,409.3 2 0
distributed-kvstore/internal/monitoring/metrics.go:413.57,415.2 1 1
distributed-kvstore/internal/monitoring/metrics.go:425.93,431.2 1 1
distributed-kvstore/internal/monitoring/metrics.go:434.37,436.12 2 1
distributed-kvstore/internal/monitoring/metrics.go:436.12,438.7 2 1
distributed-kvstore/internal/monitoring/metrics.go:438.7,439.11 1 1
distributed-kvstore/internal/monitoring/metrics.go:440.20,441.37 1 1
distributed-kvstore/internal/monitoring/metrics.go:442.23,443.11 1 1
distributed-kvstore/internal/monitoring/metrics.go:450.36,452.2 1 1
distributed-kvstore/internal/monitoring/prometheus.go:18.102,23.2 1 1
distributed-kvstore/internal/monitoring/prometheus.go:26.81,36.28 5 1
distributed-kvstore/internal/monitoring/prometheus.go:36.28,38.3 1 1
distributed-kvstore/internal/monitoring/prometheus.go:39.2,42.29 2 1
distributed-kvstore/internal/monitoring/prometheus.go:42.29,45.3 2 1
distributed-kvstore/internal/monitoring/prometheus.go:48.2,48.26 1 1
distributed-kvstore/internal/monitoring/prometheus.go:51.92,53.23 1 1
distributed-kvstore/internal/monitoring/prometheus.go:53.23,55.3 1 1
distributed-kvstore/internal/monitoring/prometheus.go:58.2,61.21 2 1
distributed-kvstore/internal/monitoring/prometheus.go:62.42,63.34 1 1
distributed-kvstore/internal/monitoring/prometheus.go:64.27,65.37 1 1
distributed-kvstore/internal/monitoring/prometheus.go:66.25,67.35 1 0
distributed-kvstore/internal/monitoring/prometheus.go:70.2,70.22 1 1
distributed-kvstore/internal/monitoring/prometheus.go:73.88,77.2 2 1
distributed-kvstore/internal/monitoring/prometheus.go:79.91,84.30 4 1
distributed-kvstore/internal/monitoring/prometheus.go:84.30,85.73 1 1
distributed-kvstore/internal/monitoring/prometheus.go:85.73,87.39 1 1
distributed-kvstore/internal/monitoring/prometheus.go:87.39,88.41 1 1
distributed-kvstore/internal/monitoring/prometheus.go:88.41,94.6 4 1
distributed-kvstore/internal/monitoring/prometheus.go:99.3,99.56 1 1
distributed-kvstore/internal/monitoring/prometheus.go:99.56,102.4 1 1
distributed-kvstore/internal/monitoring/prometheus.go:103.3,103.58 1 1
distributed-kvstore/internal/monitoring/prometheus.go:103.58,106.4 1 1
distributed-kvstore/internal/monitoring/prometheus.go:110.89,115.30 4 0
distributed-kvstore/internal/monitoring/prometheus.go:115.30,116.79 1 0
distributed-kvstore/internal/monitoring/prometheus.go:116.79,118.43 1 0
distributed-kvstore/internal/monitoring/prometheus.go:118.43,119.49 1 0
distributed-kvstore/internal/monitoring/prometheus.go:119.49,125.6 4 0
distributed-kvstore/internal/monitoring/prometheus.go:130.3,130.56 1 0
distributed-kvstore/internal/monitoring/prometheus.go:130.56,133.4 1 0
distributed-kvstore/internal/monitoring/prometheus.go:134.3,134.58 1 0
distributed-kvstore/internal/monitoring/prometheus.go:134.58,137.4 1 0
distributed-kvstore/internal/monitoring/prometheus.go:141.73,157.2 10 1
distributed-kvstore/internal/monitoring/prometheus.go:159.77,160.22 1 1
distributed-kvstore/internal/monitoring/prometheus.go:160.22,162.3 1 1
distributed-kvstore/internal/monitoring/prometheus.go:164.2,165.33 2 1
distributed-kvstore/internal/monitoring/prometheus.go:165.33,166.18 1 1
distributed-kvstore/internal/monitoring/prometheus.go:166.18,168.4 1 1
distributed-kvstore/internal/monitoring/prometheus.go:171.2,171.26 1 1
distributed-kvstore/internal/monitoring/prometheus.go:171.26,173.3 1 1
distributed-kvstore/internal/monitoring/prometheus.go:175.2,176.50 2 1
distributed-kvstore/internal/monitoring/prometheus.go:179.103,181.27 2 1
distributed-kvstore/internal/monitoring/prometheus.go:181.27,183.3 1 0
distributed-kvstore/internal/monitoring/prometheus.go:184.2,185.15 2 1
distributed-kvstore/internal/monitoring/prometheus.go:188.49,194.2 4 1
distributed-kvstore/internal/monitoring/prometheus.go:196.28,199.2 1 1
distributed-kvstore/internal/monitoring/prometheus.go:211.49,219.2 1 0
distributed-kvstore/internal/monitoring/prometheus.go:222.81,223.71 1 0
distributed-kvstore/internal/monitoring/prometheus.go:223.71,255.3 10 0
distributed-kvstore/internal/monitoring/prometheus.go:264.57,267.2 2 0
distributed-kvstore/internal/monitoring/prometheus.go:269.67,273.2 3 0
distributed-kvstore/internal/monitoring/prometheus.go:276.75,279.2 2 0
distributed-kvstore/internal/server/grpc_server.go:31.113,37.2 1 1
distributed-kvstore/internal/server/grpc_server.go:40.36,44.16 3 0
distributed-kvstore/internal/server/grpc_server.go:44.16,46.3 1 0
distributed-kvstore/internal/server/grpc_server.go:47.2,59.12 6 0
distributed-kvstore/internal/server/grpc_server.go:59.12,60.50 1 0
distributed-kvstore/internal/server/grpc_server.go:60.50,62.4 1 0
distributed-kvstore/internal/server/grpc_server.go:65.2,65.12 1 0
distributed-kvstore/internal/server/grpc_server.go:69.29,72.21 2 0
distributed-kvstore/internal/server/grpc_server.go:72.21,74.3 1 0
distributed-kvstore/internal/server/grpc_server.go:76.2,76.23 1 0
distributed-kvstore/internal/server/grpc_server.go:76.23,78.3 1 0
distributed-kvstore/internal/server/grpc_server.go:82.102,85.19 2 1
distributed-kvstore/internal/server/grpc_server.go:85.19,90.3 1 1
distributed-kvstore/internal/server/grpc_server.go:92.2,93.16 2 1
distributed-kvstore/internal/server/grpc_server.go:93.16,99.3 2 0
distributed-kvstore/internal/server/grpc_server.go:101.2,103.8 1 1
distributed-kvstore/internal/server/grpc_server.go:107.102,110.19 2 1
distributed-kvstore/internal/server/grpc_server.go:110.19,112.3 1 0
distributed-kvstore/internal/server/grpc_server.go:114.2,115.16 2 1
distributed-kvstore/internal/server/grpc_server.go:115.16,117.37 1 1
distributed-kvstore/internal/server/grpc_server.go:117.37,121.4 1 0
distributed-kvstore/internal/server/grpc_server.go:123.3,127.9 2 1
distributed-kvstore/internal/server/grpc_server.go:130.2,134.8 1 1
distributed-kvstore/internal/server/grpc_server.go:138.111,141.19 2 1
distributed-kvstore/internal/server/grpc_server.go:141.19,143.3 1 0
distributed-kvstore/internal/server/grpc_server.go:146.2,147.16 2 1
distributed-kvstore/internal/server/grpc_server.go:147.16,153.3 2 0
distributed-kvstore/internal/server/grpc_server.go:155.2,156.16 2 1
distributed-kvstore/internal/server/grpc_server.go:156.16,162.3 2 0
distributed-kvstore/internal/server/grpc_server.go:164.2,167.8 1 1
distributed-kvstore/internal/server/grpc_server.go:171.111,174.19 2 1
distributed-kvstore/internal/server/grpc_server.go:174.19,176.3 1 0
distributed-kvstore/internal/server/grpc_server.go:178.2,179.16 2 1
distributed-kvstore/internal/server/grpc_server.go:179.16,185.3 2 0
distributed-kvstore/internal/server/grpc_server.go:187.2,189.8 1 1
distributed-kvstore/internal/server/grpc_server.go:193.105,197.16 3 1
distributed-kvstore/internal/server/grpc_server.go:197.16,202.3 2 0
distributed-kvstore/internal/server/grpc_server.go:205.2,209.32 4 1
distributed-kvstore/internal/server/grpc_server.go:209.32,210.34 1 1
distributed-kvstore/internal/server/grpc_server.go:210.34,211.9 1 0
distributed-kvstore/internal/server/grpc_server.go:214.3,219.10 2 1
distributed-kvstore/internal/server/grpc_server.go:222.2,225.8 1 1
distributed-kvstore/internal/server/grpc_server.go:229.117,233.16 3 0
distributed-kvstore/internal/server/grpc_server.go:233.16,238.3 2 0
distributed-kvstore/internal/server/grpc_server.go:241.2,245.25 4 0
distributed-kvstore/internal/server/grpc_server.go:245.25,246.34 1 0
distributed-kvstore/internal/server/grpc_server.go:246.34,247.9 1 0
distributed-kvstore/internal/server/grpc_server.go:249.3,250.10 2 0
distributed-kvstore/internal/server/grpc_server.go:253.2,256.8 1 0
distributed-kvstore/internal/server/grpc_server.go:260.117,266.33 4 1
distributed-kvstore/internal/server/grpc_server.go:266.33,267.21 1 1
distributed-kvstore/internal/server/grpc_server.go:267.21,272.12 2 0
distributed-kvstore/internal/server/grpc_server.go:275.3,276.17 2 1
distributed-kvstore/internal/server/grpc_server.go:276.17,281.4 1 0
distributed-kvstore/internal/server/grpc_server.go:281.9,283.4 1 1
distributed-kvstore/internal/server/grpc_server.go:286.2,290.8 1 1
distributed-kvstore/internal/server/grpc_server.go:294.117,299.31 3 1
distributed-kvstore/internal/server/grpc_server.go:299.31,300.16 1 1
distributed-kvstore/internal/server/grpc_server.go:300.16,305.12 2 0
distributed-kvstore/internal/server/grpc_server.go:308.3,309.17 2 1
distributed-kvstore/internal/server/grpc_server.go:309.17,314.4 1 1
distributed-kvstore/internal/server/grpc_server.go:314.9,321.4 1 1
distributed-kvstore/internal/server/grpc_server.go:324.2,326.8 1 1
distributed-kvstore/internal/server/grpc_server.go:330.126,336.31 4 0
distributed-kvstore/internal/server/grpc_server.go:336.31,337.16 1 0
distributed-kvstore/internal/server/grpc_server.go:337.16,342.12 2 0
distributed-kvstore/internal/server/grpc_server.go:345.3,346.17 2 0
distributed-kvstore/internal/server/grpc_server.go:346.17,351.4 1 0
distributed-kvstore/internal/server/grpc_server.go:351.9,353.4 1 0
distributed-kvstore/internal/server/grpc_server.go:356.2,360.8 1 0
distributed-kvstore/internal/server/grpc_server.go:364.111,371.2 1 1
distributed-kvstore/internal/server/grpc_server.go:374.108,379.24 3 1
distributed-kvstore/internal/server/grpc_server.go:379.24,380.33 1 1
distributed-kvstore/internal/server/grpc_server.go:380.33,382.4 1 1
distributed-kvstore/internal/server/grpc_server.go:385.2,391.8 1 1
distributed-kvstore/internal/server/grpc_server.go:395.111,399.16 3 0
distributed-kvstore/internal/server/grpc_server.go:399.16,405.3 2 0
distributed-kvstore/internal/server/grpc_server.go:407.2,410.8 1 0
distributed-kvstore/internal/server/grpc_server.go:414.114,418.16 3 0
distributed-kvstore/internal/server/grpc_server.go:418.16,424.3 2 0
distributed-kvstore/internal/server/grpc_server.go:426.2,428.8 1 0
distributed-kvstore/internal/server/grpc_server.go:432.111,438.2 1 0
distributed-kvstore/internal/server/grpc_server.go:441.155,448.16 4 0
distributed-kvstore/internal/server/grpc_server.go:448.16,454.3 1 0
distributed-kvstore/internal/server/grpc_server.go:454.8,459.3 1 0
distributed-kvstore/internal/server/grpc_server.go:461.2,461.18 1 0
distributed-kvstore/internal/server/grpc_simple.go:17.125,23.2 1 0
distributed-kvstore/internal/server/grpc_simple.go:26.42,33.2 2 0
distributed-kvstore/internal/server/grpc_simple.go:36.35,38.2 1 0
distributed-kvstore/internal/server/http.go:26.113,40.2 3 0
distributed-kvstore/internal/server/http.go:43.36,47.25 2 0
distributed-kvstore/internal/server/http.go:47.25,49.3 1 0
distributed-kvstore/internal/server/http.go:51.2,66.34 4 0
distributed-kvstore/internal/server/http.go:70.54,72.25 1 0
distributed-kvstore/internal/server/http.go:72.25,74.3 1 0
distributed-kvstore/internal/server/http.go:76.2,76.21 1 0
distributed-kvstore/internal/server/http.go:76.21,79.3 2 0
distributed-kvstore/internal/server/http.go:80.2,80.12 1 0
distributed-kvstore/internal/server/server.go:26.53,43.16 5 0
distributed-kvstore/internal/server/server.go:43.16,45.3 1 0
distributed-kvstore/internal/server/server.go:47.2,57.8 3 0
distributed-kvstore/internal/server/server.go:60.32,68.12 5 0
distributed-kvstore/internal/server/server.go:68.12,69.46 1 0
distributed-kvstore/internal/server/server.go:69.46,71.4 1 0
distributed-kvstore/internal/server/server.go:74.2,74.12 1 0
distributed-kvstore/internal/server/server.go:74.12,75.77 1 0
distributed-kvstore/internal/server/server.go:75.77,77.4 1 0
distributed-kvstore/internal/server/server.go:80.2,89.9 4 0
distributed-kvstore/internal/server/server.go:90.24,92.13 2 0
distributed-kvstore/internal/server/server.go:93.24,95.25 2 0
distributed-kvstore/internal/server/server.go:99.54,107.12 5 0
distributed-kvstore/internal/server/server.go:107.12,110.56 2 0
distributed-kvstore/internal/server/server.go:110.56,112.4 1 0
distributed-kvstore/internal/server/server.go:114.3,114.43 1 0
distributed-kvstore/internal/server/server.go:114.43,118.4 3 0
distributed-kvstore/internal/server/server.go:120.3,120.14 1 0
distributed-kvstore/internal/server/server.go:123.2,123.9 1 0
distributed-kvstore/internal/server/server.go:124.21,125.17 1 0
distributed-kvstore/internal/server/server.go:125.17,128.4 2 0
distributed-kvstore/internal/server/server.go:129.3,130.13 2 0
distributed-kvstore/internal/server/server.go:131.28,133.49 2 0
distributed-kvstore/internal/server/server.go:137.44,139.2 1 0
distributed-kvstore/internal/storage/engine.go:28.39,30.2 1 1
distributed-kvstore/internal/storage/engine.go:32.36,34.2 1 1
distributed-kvstore/internal/storage/engine.go:36.38,38.2 1 1
distributed-kvstore/internal/storage/engine.go:40.38,42.2 1 1
distributed-kvstore/internal/storage/engine.go:44.48,46.2 1 1
distributed-kvstore/internal/storage/engine.go:48.48,51.21 2 1
distributed-kvstore/internal/storage/engine.go:51.21,53.3 1 1
distributed-kvstore/internal/storage/engine.go:55.2,59.16 4 1
distributed-kvstore/internal/storage/engine.go:59.16,61.3 1 0
distributed-kvstore/internal/storage/engine.go:63.2,65.43 2 1
distributed-kvstore/internal/storage/engine.go:65.43,67.3 1 1
distributed-kvstore/internal/storage/engine.go:69.2,69.20 1 1
distributed-kvstore/internal/storage/engine.go:72.47,73.49 1 1
distributed-kvstore/internal/storage/engine.go:73.49,75.3 1 1
distributed-kvstore/internal/storage/engine.go:78.50,80.47 2 1
distributed-kvstore/internal/storage/engine.go:80.47,82.17 2 1
distributed-kvstore/internal/storage/engine.go:82.17,84.4 1 1
distributed-kvstore/internal/storage/engine.go:86.3,87.13 2 1
distributed-kvstore/internal/storage/engine.go:90.2,90.34 1 1
distributed-kvstore/internal/storage/engine.go:90.34,92.3 1 1
distributed-kvstore/internal/storage/engine.go:94.2,94.19 1 1
distributed-kvstore/internal/storage/engine.go:97.43,98.49 1 1
distributed-kvstore/internal/storage/engine.go:98.49,100.3 1 1
distributed-kvstore/internal/storage/engine.go:103.51,104.47 1 1
distributed-kvstore/internal/storage/engine.go:104.47,107.3 2 1
distributed-kvstore/internal/storage/engine.go:109.2,109.34 1 1
distributed-kvstore/internal/storage/engine.go:109.34,111.3 1 1
distributed-kvstore/internal/storage/engine.go:113.2,113.24 1 1
distributed-kvstore/internal/storage/engine.go:116.65,119.47 2 1
distributed-kvstore/internal/storage/engine.go:119.47,125.61 5 1
distributed-kvstore/internal/storage/engine.go:125.61,130.18 4 1
distributed-kvstore/internal/storage/engine.go:130.18,132.5 1 0
distributed-kvstore/internal/storage/engine.go:134.4,134.31 1 1
distributed-kvstore/internal/storage/engine.go:137.3,137.13 1 1
distributed-kvstore/internal/storage/engine.go:140.2,140.20 1 1
distributed-kvstore/internal/storage/engine.go:143.32,145.2 1 1
distributed-kvstore/internal/storage/engine.go:147.44,149.16 2 0
distributed-kvstore/internal/storage/engine.go:149.16,151.3 1 0
distributed-kvstore/internal/storage/engine.go:152.2,155.12 3 0
distributed-kvstore/internal/storage/engine.go:158.45,160.16 2 0
distributed-kvstore/internal/storage/engine.go:160.16,162.3 1 0
distributed-kvstore/internal/storage/engine.go:163.2,165.29 2 0
distributed-kvstore/internal/storage/engine.go:168.49,180.2 4 1
distributed-kvstore/internal/storage/engine.go:182.48,186.21 3 1
distributed-kvstore/internal/storage/engine.go:186.21,188.13 2 0
distributed-kvstore/internal/storage/engine.go:188.13,191.4 2 0
distributed-kvstore/internal/storage/engine.go:193.3,193.54 1 0
distributed-kvstore/internal/testutil/testutil.go:18.54,29.16 4 1
distributed-kvstore/internal/testutil/testutil.go:29.16,31.3 1 0
distributed-kvstore/internal/testutil/testutil.go:33.2,33.19 1 1
distributed-kvstore/internal/testutil/testutil.go:33.19,35.3 1 1
distributed-kvstore/internal/testutil/testutil.go:37.2,37.15 1 1
distributed-kvstore/internal/testutil/testutil.go:41.34,47.2 5 1
distributed-kvstore/internal/testutil/testutil.go:50.35,53.2 2 1
distributed-kvstore/internal/testutil/testutil.go:56.46,59.24 3 1
distributed-kvstore/internal/testutil/testutil.go:59.24,61.3 1 1
distributed-kvstore/internal/testutil/testutil.go:62.2,62.23 1 1
distributed-kvstore/internal/testutil/testutil.go:66.33,68.2 1 1
distributed-kvstore/internal/testutil/testutil.go:71.35,73.2 1 1
distributed-kvstore/internal/testutil/testutil.go:76.96,80.29 3 1
distributed-kvstore/internal/testutil/testutil.go:80.29,85.17 4 1
distributed-kvstore/internal/testutil/testutil.go:85.17,87.4 1 0
distributed-kvstore/internal/testutil/testutil.go:89.3,89.20 1 1
distributed-kvstore/internal/testutil/testutil.go:92.2,92.13 1 1
distributed-kvstore/internal/testutil/testutil.go:96.121,100.29 3 1
distributed-kvstore/internal/testutil/testutil.go:100.29,105.17 4 1
distributed-kvstore/internal/testutil/testutil.go:105.17,107.4 1 0
distributed-kvstore/internal/testutil/testutil.go:109.3,109.20 1 1
distributed-kvstore/internal/testutil/testutil.go:112.2,112.13 1 1
distributed-kvstore/internal/testutil/testutil.go:116.78,120.16 3 1
distributed-kvstore/internal/testutil/testutil.go:120.16,122.3 1 0
distributed-kvstore/internal/testutil/testutil.go:124.2,124.13 1 1
distributed-kvstore/internal/testutil/testutil.go:124.13,126.3 1 0
distributed-kvstore/internal/testutil/testutil.go:130.81,134.16 3 1
distributed-kvstore/internal/testutil/testutil.go:134.16,136.3 1 0
distributed-kvstore/internal/testutil/testutil.go:138.2,138.12 1 1
distributed-kvstore/internal/testutil/testutil.go:138.12,140.3 1 0
distributed-kvstore/internal/testutil/testutil.go:144.92,148.16 3 1
distributed-kvstore/internal/testutil/testutil.go:148.16,150.3 1 0
distributed-kvstore/internal/testutil/testutil.go:152.2,152.36 1 1
distributed-kvstore/internal/testutil/testutil.go:152.36,154.3 1 0
distributed-kvstore/internal/testutil/testutil.go:158.52,160.2 1 1
distributed-kvstore/internal/testutil/testutil.go:163.94,166.37 2 1
distributed-kvstore/internal/testutil/testutil.go:166.37,168.3 1 0
distributed-kvstore/internal/testutil/testutil.go:172.104,176.34 3 1
distributed-kvstore/internal/testutil/testutil.go:176.34,178.3 1 0
distributed-kvstore/internal/testutil/testutil.go:182.55,185.36 2 1
distributed-kvstore/internal/testutil/testutil.go:185.36,187.3 1 0
distributed-kvstore/internal/testutil/testutil.go:191.58,194.35 2 1
distributed-kvstore/internal/testutil/testutil.go:194.35,196.3 1 0
distributed-kvstore/internal/testutil/testutil.go:200.66,205.12 3 1
distributed-kvstore/internal/testutil/testutil.go:205.12,208.3 2 1
distributed-kvstore/internal/testutil/testutil.go:210.2,210.9 1 1
distributed-kvstore/internal/testutil/testutil.go:211.14,211.14 0 1
distributed-kvstore/internal/testutil/testutil.go:213.29,214.47 1 0
distributed-kvstore/internal/testutil/testutil.go:219.50,223.16 3 1
distributed-kvstore/internal/testutil/testutil.go:223.16,225.3 1 0
distributed-kvstore/internal/testutil/testutil.go:227.2,227.19 1 1
distributed-kvstore/internal/testutil/testutil.go:227.19,229.3 1 1
distributed-kvstore/internal/testutil/testutil.go:231.2,231.12 1 1
distributed-kvstore/internal/testutil/testutil.go:235.92,243.2 5 1
distributed-kvstore/internal/testutil/testutil.go:246.69,248.16 2 1
distributed-kvstore/internal/testutil/testutil.go:248.16,251.3 2 1
distributed-kvstore/internal/testutil/testutil.go:252.2,252.46 1 1
distributed-kvstore/internal/testutil/testutil.go:256.112,260.34 3 1
distributed-kvstore/internal/testutil/testutil.go:260.34,261.18 1 1
distributed-kvstore/internal/testutil/testutil.go:261.18,263.4 1 1
distributed-kvstore/internal/testutil/testutil.go:264.3,264.28 1 1
distributed-kvstore/internal/testutil/testutil.go:267.2,267.58 1 0
distributed-kvstore/internal/testutil/testutil.go:271.72,277.35 4 1
distributed-kvstore/internal/testutil/testutil.go:277.35,278.22 1 1
distributed-kvstore/internal/testutil/testutil.go:278.22,279.17 1 1
distributed-kvstore/internal/testutil/testutil.go:279.17,280.33 1 1
distributed-kvstore/internal/testutil/testutil.go:280.33,282.6 1 0
distributed-kvstore/internal/testutil/testutil.go:283.5,283.17 1 1
distributed-kvstore/internal/testutil/testutil.go:286.4,286.19 1 1
distributed-kvstore/internal/testutil/testutil.go:291.2,291.35 1 1
distributed-kvstore/internal/testutil/testutil.go:291.35,293.3 1 1
distributed-kvstore/internal/testutil/testutil.go:296.2,296.9 1 1
distributed-kvstore/internal/testutil/testutil.go:297.23,298.46 1 0
distributed-kvstore/internal/testutil/testutil.go:299.10,299.10 0 1
distributed-kvstore/internal/testutil/testutil.go:305.55,308.2 1 0
distributed-kvstore/internal/testutil/testutil.go:317.44,321.2 1 1
distributed-kvstore/internal/testutil/testutil.go:324.34,326.2 1 1
distributed-kvstore/internal/testutil/testutil.go:329.53,330.25 1 1
distributed-kvstore/internal/testutil/testutil.go:330.25,332.3 1 0
distributed-kvstore/internal/testutil/testutil.go:333.2,333.37 1 1
distributed-kvstore/internal/testutil/testutil.go:337.72,339.19 2 1
distributed-kvstore/internal/testutil/testutil.go:339.19,341.3 1 0
distributed-kvstore/internal/testutil/testutil.go:342.2,342.49 1 1
distributed-kvstore/internal/testutil/testutil.go:351.58,355.2 1 1
distributed-kvstore/internal/testutil/testutil.go:358.78,360.25 2 1
distributed-kvstore/internal/testutil/testutil.go:360.25,364.3 3 1
distributed-kvstore/internal/testutil/testutil.go:365.2,365.13 1 1
distributed-kvstore/internal/testutil/testutil.go:369.85,371.25 2 1
distributed-kvstore/internal/testutil/testutil.go:371.25,373.3 1 1
distributed-kvstore/internal/testutil/testutil.go:374.2,374.13 1 1
distributed-kvstore/internal/testutil/testutil.go:378.63,381.24 3 1
distributed-kvstore/internal/testutil/testutil.go:381.24,383.3 1 1
distributed-kvstore/internal/testutil/testutil.go:384.2,384.23 1 1
distributed-kvstore/examples/logging_demo/main.go:12.13,30.2 9 0
distributed-kvstore/examples/logging_demo/main.go:32.38,45.35 4 0
distributed-kvstore/examples/logging_demo/main.go:45.35,60.3 10 0
distributed-kvstore/examples/logging_demo/main.go:63.34,87.2 15 0
distributed-kvstore/examples/logging_demo/main.go:89.38,142.2 18 0
distributed-kvstore/examples/logging_demo/main.go:144.34,156.2 8 0
distributed-kvstore/examples/logging_demo/main.go:158.79,181.22 11 0
distributed-kvstore/examples/logging_demo/main.go:181.22,183.3 1 0
distributed-kvstore/examples/logging_demo/main.go:186.2,187.45 2 0
distributed-kvstore/examples/logging_demo/main.go:187.45,189.3 1 0
distributed-kvstore/examples/logging_demo/main.go:191.2,195.41 3 0
distributed-kvstore/examples/correlation_demo/main.go:14.13,37.26 14 0
distributed-kvstore/examples/correlation_demo/main.go:37.26,41.12 4 0
distributed-kvstore/examples/correlation_demo/main.go:41.12,43.4 1 0
distributed-kvstore/examples/correlation_demo/main.go:46.2,47.26 2 0
distributed-kvstore/examples/correlation_demo/main.go:50.56,53.16 3 0
distributed-kvstore/examples/correlation_demo/main.go:53.16,56.3 2 0
distributed-kvstore/examples/correlation_demo/main.go:59.2,59.25 1 0
distributed-kvstore/examples/correlation_demo/main.go:59.25,61.3 1 0
distributed-kvstore/examples/correlation_demo/main.go:62.2,62.21 1 0
distributed-kvstore/examples/correlation_demo/main.go:62.21,64.3 1 0
distributed-kvstore/examples/correlation_demo/main.go:66.2,67.16 2 0
distributed-kvstore/examples/correlation_demo/main.go:67.16,70.3 2 0
distributed-kvstore/examples/correlation_demo/main.go:71.2,75.16 3 0
distributed-kvstore/examples/correlation_demo/main.go:75.16,78.3 2 0
distributed-kvstore/examples/correlation_demo/main.go:81.2,88.65 6 0
distributed-kvstore/examples/correlation_demo/main.go:88.65,90.3 1 0
distributed-kvstore/examples/correlation_demo/main.go:90.8,90.32 1 0
distributed-kvstore/examples/correlation_demo/main.go:90.32,92.3 1 0
distributed-kvstore/examples/correlation_demo/main.go:92.8,94.3 1 0
distributed-kvstore/examples/correlation_demo/main.go:97.2,98.60 2 0
distributed-kvstore/examples/correlation_demo/main.go:98.60,101.3 2 0
distributed-kvstore/examples/correlation_demo/main.go:101.8,103.3 1 0
distributed-kvstore/examples/correlation_demo/main.go:106.38,117.16 6 0
distributed-kvstore/examples/correlation_demo/main.go:117.16,120.3 2 0
distributed-kvstore/examples/correlation_demo/main.go:122.2,127.16 5 0
distributed-kvstore/examples/correlation_demo/main.go:127.16,130.3 2 0
distributed-kvstore/examples/correlation_demo/main.go:131.2,140.16 6 0
distributed-kvstore/examples/correlation_demo/main.go:140.16,143.3 2 0
distributed-kvstore/examples/correlation_demo/main.go:145.2,149.16 4 0
distributed-kvstore/examples/correlation_demo/main.go:149.16,152.3 2 0
distributed-kvstore/examples/correlation_demo/main.go:153.2,160.61 6 0
distributed-kvstore/examples/correlation_demo/main.go:160.61,162.3 1 0
distributed-kvstore/examples/correlation_demo/main.go:162.8,164.3 1 0
distributed-kvstore/examples/monitoring_demo/main.go:13.13,58.2 30 0
distributed-kvstore/examples/monitoring_demo/main.go:60.36,62.26 2 0
distributed-kvstore/examples/monitoring_demo/main.go:62.26,64.43 2 0
distributed-kvstore/examples/monitoring_demo/main.go:64.43,68.4 3 0
distributed-kvstore/examples/monitoring_demo/main.go:69.3,69.18 1 0
distributed-kvstore/examples/monitoring_demo/main.go:69.18,71.4 1 0
distributed-kvstore/examples/monitoring_demo/main.go:72.3,73.57 2 0
distributed-kvstore/examples/monitoring_demo/main.go:75.2,75.70 1 0
distributed-kvstore/examples/monitoring_demo/main.go:78.38,81.16 3 0
distributed-kvstore/examples/monitoring_demo/main.go:81.16,84.3 2 0
distributed-kvstore/examples/monitoring_demo/main.go:85.2,88.16 3 0
distributed-kvstore/examples/monitoring_demo/main.go:88.16,91.3 2 0
distributed-kvstore/examples/monitoring_demo/main.go:93.2,97.58 3 0
distributed-kvstore/examples/monitoring_demo/main.go:97.58,102.54 3 0
distributed-kvstore/examples/monitoring_demo/main.go:102.54,103.18 1 0
distributed-kvstore/examples/monitoring_demo/main.go:104.19,105.41 1 0
distributed-kvstore/examples/monitoring_demo/main.go:106.20,107.46 1 0
distributed-kvstore/examples/monitoring_demo/main.go:108.21,109.43 1 0
distributed-kvstore/examples/monitoring_demo/main.go:113.3,113.72 1 0
distributed-kvstore/examples/monitoring_demo/main.go:113.72,114.51 1 0
distributed-kvstore/examples/monitoring_demo/main.go:114.51,116.5 1 0
distributed-kvstore/examples/monitoring_demo/main.go:117.4,117.55 1 0
distributed-kvstore/examples/monitoring_demo/main.go:117.55,119.5 1 0
distributed-kvstore/examples/monitoring_demo/main.go:121.8,123.3 1 0
distributed-kvstore/examples/monitoring_demo/main.go:126.35,149.32 6 0
distributed-kvstore/examples/monitoring_demo/main.go:149.32,153.20 3 0
distributed-kvstore/examples/monitoring_demo/main.go:153.20,156.4 2 0
distributed-kvstore/examples/monitoring_demo/main.go:156.9,158.4 1 0
distributed-kvstore/examples/monitoring_demo/main.go:160.3,160.17 1 0
distributed-kvstore/examples/monitoring_demo/main.go:160.17,162.12 2 0
distributed-kvstore/examples/monitoring_demo/main.go:165.3,166.17 2 0
distributed-kvstore/examples/monitoring_demo/main.go:166.17,169.12 3 0
distributed-kvstore/examples/monitoring_demo/main.go:171.3,173.28 2 0
distributed-kvstore/examples/monitoring_demo/main.go:173.28,176.4 2 0
distributed-kvstore/examples/monitoring_demo/main.go:176.9,179.4 2 0
distributed-kvstore/examples/monitoring_demo/main.go:182.3,182.37 1 0
distributed-kvstore/examples/monitoring_demo/main.go:185.2,185.97 1 0
distributed-kvstore/examples/monitoring_demo/main.go:188.44,191.16 3 0
distributed-kvstore/examples/monitoring_demo/main.go:191.16,194.3 2 0
distributed-kvstore/examples/monitoring_demo/main.go:195.2,198.16 3 0
distributed-kvstore/examples/monitoring_demo/main.go:198.16,201.3 2 0
distributed-kvstore/examples/monitoring_demo/main.go:203.2,209.25 5 0
distributed-kvstore/examples/monitoring_demo/main.go:209.25,211.3 1 0
distributed-kvstore/examples/monitoring_demo/main.go:211.8,213.3 1 0
distributed-kvstore/examples/monitoring_demo/main.go:216.2,221.29 5 0
distributed-kvstore/examples/monitoring_demo/main.go:221.29,222.40 1 0
distributed-kvstore/examples/monitoring_demo/main.go:222.40,224.4 1 0
distributed-kvstore/examples/monitoring_demo/main.go:224.9,224.47 1 0
distributed-kvstore/examples/monitoring_demo/main.go:224.47,226.4 1 0
distributed-kvstore/examples/monitoring_demo/main.go:226.9,226.57 1 0
distributed-kvstore/examples/monitoring_demo/main.go:226.57,228.4 1 0
distributed-kvstore/examples/monitoring_demo/main.go:231.2,234.50 4 0
distributed-kvstore/examples/monitoring_demo/main.go:237.46,240.16 3 0
distributed-kvstore/examples/monitoring_demo/main.go:240.16,243.3 2 0
[...]
distributed-kvstore/proto/kvstore/kvstore_grpc.pb.go:334.24,336.3 1 0
distributed-kvstore/proto/kvstore/kvstore_grpc.pb.go:337.2,341.77 2 0
distributed-kvstore/proto/kvstore/kvstore_grpc.pb.go:341.77,343.3 1 0
distributed-kvstore/proto/kvstore/kvstore_grpc.pb.go:344.2,344.44 1 0
distributed-kvstore/proto/kvstore/kvstore_grpc.pb.go:347.159,349.32 2 0
distributed-kvstore/proto/kvstore/kvstore_grpc.pb.go:349.32,351.3 1 0
distributed-kvstore/proto/kvstore/kvstore_grpc.pb.go:352.2,352.24 1 0
distributed-kvstore/proto/kvstore/kvstore_grpc.pb.go:352.24,354.3 1 0
distributed-kvstore/proto/kvstore/kvstore_grpc.pb.go:355.2,359.77 2 0
distributed-kvstore/proto/kvstore/kvstore_grpc.pb.go:359.77,361.3 1 0
distributed-kvstore/proto/kvstore/kvstore_grpc.pb.go:362.2,362.44 1 0
distributed-kvstore/proto/kvstore/kvstore_grpc.pb.go:365.159,367.32 2 0
distributed-kvstore/proto/kvstore/kvstore_grpc.pb.go:367.32,369.3 1 0
distributed-kvstore/proto/kvstore/kvstore_grpc.pb.go:370.2,370.24 1 0
distributed-kvstore/proto/kvstore/kvstore_grpc.pb.go:370.24,372.3 1 0
distributed-kvstore/proto/kvstore/kvstore_grpc.pb.go:373.2,377.77 2 0
distributed-kvstore/proto/kvstore/kvstore_grpc.pb.go:377.77,379.3 1 0
distributed-kvstore/proto/kvstore/kvstore_grpc.pb.go:380.2,380.44 1 0
distributed-kvstore/proto/kvstore/kvstore_grpc.pb.go:383.157,385.32 2 0
distributed-kvstore/proto/kvstore/kvstore_grpc.pb.go:385.32,387.3 1 0
distributed-kvstore/proto/kvstore/kvstore_grpc.pb.go:388.2,388.24 1 0
distributed-kvstore/proto/kvstore/kvstore_grpc.pb.go:388.24,390.3 1 0
distributed-kvstore/proto/kvstore/kvstore_grpc.pb.go:391.2,395.77 2 0
distributed-kvstore/proto/kvstore/kvstore_grpc.pb.go:395.77,397.3 1 0
distributed-kvstore/proto/kvstore/kvstore_grpc.pb.go:398.2,398.44 1 0
distributed-kvstore/proto/kvstore/kvstore_grpc.pb.go:401.161,403.32 2 0
distributed-kvstore/proto/kvstore/kvstore_grpc.pb.go:403.32,405.3 1 0
distributed-kvstore/proto/kvstore/kvstore_grpc.pb.go:406.2,406.24 1 0
distributed-kvstore/proto/kvstore/kvstore_grpc.pb.go:406.24,408.3 1 0
distributed-kvstore/proto/kvstore/kvstore_grpc.pb.go:409.2,413.77 2 0
distributed-kvstore/proto/kvstore/kvstore_grpc.pb.go:413.77,415.3 1 0
distributed-kvstore/proto/kvstore/kvstore_grpc.pb.go:416.2,416.44 1 0
distributed-kvstore/proto/kvstore/kvstore_grpc.pb.go:419.161,421.32 2 0
distributed-kvstore/proto/kvstore/kvstore_grpc.pb.go:421.32,423.3 1 0
distributed-kvstore/proto/kvstore/kvstore_grpc.pb.go:424.2,424.24 1 0
distributed-kvstore/proto/kvstore/kvstore_grpc.pb.go:424.24,426.3 1 0
distributed-kvstore/proto/kvstore/kvstore_grpc.pb.go:427.2,431.77 2 0
distributed-kvstore/proto/kvstore/kvstore_grpc.pb.go:431.77,433.3 1 0
distributed-kvstore/proto/kvstore/kvstore_grpc.pb.go:434.2,434.44 1 0
distributed-kvstore/proto/kvstore/kvstore_grpc.pb.go:437.161,439.32 2 0
distributed-kvstore/proto/kvstore/kvstore_grpc.pb.go:439.32,441.3 1 0
distributed-kvstore/proto/kvstore/kvstore_grpc.pb.go:442.2,442.24 1 0
distributed-kvstore/proto/kvstore/kvstore_grpc.pb.go:442.24,444.3 1 0
distributed-kvstore/proto/kvstore/kvstore_grpc.pb.go:445.2,449.77 2 0
distributed-kvstore/proto/kvstore/kvstore_grpc.pb.go:449.77,451.3 1 0
distributed-kvstore/proto/kvstore/kvstore_grpc.pb.go:452.2,452.44 1 0
distributed-kvstore/proto/kvstore/kvstore_grpc.pb.go:455.164,457.32 2 0
distributed-kvstore/proto/kvstore/kvstore_grpc.pb.go:457.32,459.3 1 0
distributed-kvstore/proto/kvstore/kvstore_grpc.pb.go:460.2,460.24 1 0
distributed-kvstore/proto/kvstore/kvstore_grpc.pb.go:460.24,462.3 1 0
distributed-kvstore/proto/kvstore/kvstore_grpc.pb.go:463.2,467.77 2 0
distributed-kvstore/proto/kvstore/kvstore_grpc.pb.go:467.77,469.3 1 0
distributed-kvstore/proto/kvstore/kvstore_grpc.pb.go:470.2,470.44 1 0
distributed-kvstore/proto/kvstore/kvstore_grpc.pb.go:473.159,475.32 2 0
distributed-kvstore/proto/kvstore/kvstore_grpc.pb.go:475.32,477.3 1 0
distributed-kvstore/proto/kvstore/kvstore_grpc.pb.go:478.2,478.24 1 0
distributed-kvstore/proto/kvstore/kvstore_grpc.pb.go:478.24,480.3 1 0
distributed-kvstore/proto/kvstore/kvstore_grpc.pb.go:481.2,485.77 2 0
distributed-kvstore/proto/kvstore/kvstore_grpc.pb.go:485.77,487.3 1 0
distributed-kvstore/proto/kvstore/kvstore_grpc.pb.go:488.2,488.44 1 0
distributed-kvstore/proto/kvstore/kvstore_grpc.pb.go:491.160,493.32 2 0
distributed-kvstore/proto/kvstore/kvstore_grpc.pb.go:493.32,495.3 1 0
distributed-kvstore/proto/kvstore/kvstore_grpc.pb.go:496.2,496.24 1 0
distributed-kvstore/proto/kvstore/kvstore_grpc.pb.go:496.24,498.3 1 0
distributed-kvstore/proto/kvstore/kvstore_grpc.pb.go:499.2,503.77 2 0
distributed-kvstore/proto/kvstore/kvstore_grpc.pb.go:503.77,505.3 1 0
distributed-kvstore/proto/kvstore/kvstore_grpc.pb.go:506.2,506.44 1 0
distributed-kvstore/proto/kvstore/kvstore_grpc.pb.go:509.158,511.32 2 0
distributed-kvstore/proto/kvstore/kvstore_grpc.pb.go:511.32,513.3 1 0
distributed-kvstore/proto/kvstore/kvstore_grpc.pb.go:514.2,514.24 1 0
distributed-kvstore/proto/kvstore/kvstore_grpc.pb.go:514.24,516.3 1 0
distributed-kvstore/proto/kvstore/kvstore_grpc.pb.go:517.2,521.77 2 0
distributed-kvstore/proto/kvstore/kvstore_grpc.pb.go:521.77,523.3 1 0
distributed-kvstore/proto/kvstore/kvstore_grpc.pb.go:524.2,524.44 1 0
distributed-kvstore/proto/kvstore/kvstore_grpc.pb.go:527.159,529.32 2 0
distributed-kvstore/proto/kvstore/kvstore_grpc.pb.go:529.32,531.3 1 0
distributed-kvstore/proto/kvstore/kvstore_grpc.pb.go:532.2,532.24 1 0
distributed-kvstore/proto/kvstore/kvstore_grpc.pb.go:532.24,534.3 1 0
distributed-kvstore/proto/kvstore/kvstore_grpc.pb.go:535.2,539.77 2 0
distributed-kvstore/proto/kvstore/kvstore_grpc.pb.go:539.77,541.3 1 0
distributed-kvstore/proto/kvstore/kvstore_grpc.pb.go:542.2,542.44 1 0
distributed-kvstore/proto/kvstore/kvstore_grpc.pb.go:545.159,547.32 2 0
distributed-kvstore/proto/kvstore/kvstore_grpc.pb.go:547.32,549.3 1 0
distributed-kvstore/proto/kvstore/kvstore_grpc.pb.go:550.2,550.24 1 0
distributed-kvstore/proto/kvstore/kvstore_grpc.pb.go:550.24,552.3 1 0
distributed-kvstore/proto/kvstore/kvstore_grpc.pb.go:553.2,557.77 2 0
distributed-kvstore/proto/kvstore/kvstore_grpc.pb.go:557.77,559.3 1 0
distributed-kvstore/proto/kvstore/kvstore_grpc.pb.go:560.2,560.44 1 0
distributed-kvstore/pkg/client/client.go:48.30,65.2 1 1
distributed-kvstore/pkg/client/client.go:68.49,69.19 1 1
distributed-kvstore/pkg/client/client.go:69.19,71.3 1 1
distributed-kvstore/pkg/client/client.go:73.2,73.32 1 1
distributed-kvstore/pkg/client/client.go:73.32,75.3 1 1
distributed-kvstore/pkg/client/client.go:77.2,78.16 2 1
distributed-kvstore/pkg/client/client.go:78.16,80.3 1 1
distributed-kvstore/pkg/client/client.go:82.2,85.8 1 0
distributed-kvstore/pkg/client/client.go:89.32,93.14 3 1
distributed-kvstore/pkg/client/client.go:93.14,95.3 1 0
distributed-kvstore/pkg/client/client.go:97.2,98.23 2 1
distributed-kvstore/pkg/client/client.go:102.94,108.27 2 1
distributed-kvstore/pkg/client/client.go:108.27,110.3 1 1
distributed-kvstore/pkg/client/client.go:112.2,112.74 1 1
distributed-kvstore/pkg/client/client.go:112.74,114.17 2 1
distributed-kvstore/pkg/client/client.go:114.17,116.4 1 1
distributed-kvstore/pkg/client/client.go:117.3,117.20 1 1
distributed-kvstore/pkg/client/client.go:117.20,119.4 1 0
distributed-kvstore/pkg/client/client.go:120.3,120.13 1 1
distributed-kvstore/pkg/client/client.go:125.75,129.74 3 1
distributed-kvstore/pkg/client/client.go:129.74,131.17 2 1
distributed-kvstore/pkg/client/client.go:131.17,133.4 1 0
distributed-kvstore/pkg/client/client.go:134.3,134.23 1 1
distributed-kvstore/pkg/client/client.go:134.23,136.4 1 0
distributed-kvstore/pkg/client/client.go:138.3,144.13 2 1
distributed-kvstore/pkg/client/client.go:147.2,147.20 1 1
distributed-kvstore/pkg/client/client.go:151.81,155.74 3 0
distributed-kvstore/pkg/client/client.go:155.74,157.17 2 0
distributed-kvstore/pkg/client/client.go:157.17,159.4 1 0
distributed-kvstore/pkg/client/client.go:160.3,160.20 1 0
distributed-kvstore/pkg/client/client.go:160.20,162.4 1 0
distributed-kvstore/pkg/client/client.go:164.3,167.13 2 0
distributed-kvstore/pkg/client/client.go:170.2,170.20 1 0
distributed-kvstore/pkg/client/client.go:174.72,178.74 3 1
distributed-kvstore/pkg/client/client.go:178.74,180.17 2 1
distributed-kvstore/pkg/client/client.go:180.17,182.4 1 1
distributed-kvstore/pkg/client/client.go:183.3,183.23 1 0
distributed-kvstore/pkg/client/client.go:183.23,185.4 1 0
distributed-kvstore/pkg/client/client.go:187.3,188.13 2 0
distributed-kvstore/pkg/client/client.go:191.2,191.20 1 1
distributed-kvstore/pkg/client/client.go:195.100,198.27 2 0
distributed-kvstore/pkg/client/client.go:198.27,200.3 1 0
distributed-kvstore/pkg/client/client.go:202.2,203.74 2 0
distributed-kvstore/pkg/client/client.go:203.74,205.17 2 0
distributed-kvstore/pkg/client/client.go:205.17,207.4 1 0
distributed-kvstore/pkg/client/client.go:208.3,208.23 1 0
distributed-kvstore/pkg/client/client.go:208.23,210.4 1 0
distributed-kvstore/pkg/client/client.go:212.3,213.35 2 0
distributed-kvstore/pkg/client/client.go:213.35,220.4 1 0
distributed-kvstore/pkg/client/client.go:222.3,227.13 2 0
distributed-kvstore/pkg/client/client.go:230.2,230.20 1 0
distributed-kvstore/pkg/client/client.go:234.108,237.27 2 0
distributed-kvstore/pkg/client/client.go:237.27,238.17 1 0
distributed-kvstore/pkg/client/client.go:238.17,244.4 4 0
distributed-kvstore/pkg/client/client.go:247.2,248.74 2 0
distributed-kvstore/pkg/client/client.go:248.74,250.17 2 0
distributed-kvstore/pkg/client/client.go:250.17,252.4 1 0
distributed-kvstore/pkg/client/client.go:253.3,253.23 1 0
distributed-kvstore/pkg/client/client.go:253.23,255.4 1 0
distributed-kvstore/pkg/client/client.go:257.3,262.13 2 0
distributed-kvstore/pkg/client/client.go:265.2,265.20 1 0
distributed-kvstore/pkg/client/client.go:269.88,271.29 2 1
distributed-kvstore/pkg/client/client.go:271.29,277.3 1 1
distributed-kvstore/pkg/client/client.go:279.2,282.74 3 1
distributed-kvstore/pkg/client/client.go:282.74,284.17 2 1
distributed-kvstore/pkg/client/client.go:284.17,286.4 1 1
distributed-kvstore/pkg/client/client.go:288.3,289.40 2 0
distributed-kvstore/pkg/client/client.go:289.40,294.4 1 0
distributed-kvstore/pkg/client/client.go:296.3,301.13 2 0
distributed-kvstore/pkg/client/client.go:304.2,304.20 1 1
distributed-kvstore/pkg/client/client.go:308.85,312.74 3 0
distributed-kvstore/pkg/client/client.go:312.74,314.17 2 0
distributed-kvstore/pkg/client/client.go:314.17,316.4 1 0
distributed-kvstore/pkg/client/client.go:317.3,317.23 1 0
distributed-kvstore/pkg/client/client.go:317.23,319.4 1 0
distributed-kvstore/pkg/client/client.go:321.3,322.39 2 0
distributed-kvstore/pkg/client/client.go:322.39,330.4 1 0
distributed-kvstore/pkg/client/client.go:331.3,331.13 1 0
distributed-kvstore/pkg/client/client.go:334.2,334.21 1 0
distributed-kvstore/pkg/client/client.go:338.88,342.74 3 0
distributed-kvstore/pkg/client/client.go:342.74,344.17 2 0
distributed-kvstore/pkg/client/client.go:344.17,346.4 1 0
distributed-kvstore/pkg/client/client.go:348.3,349.40 2 0
distributed-kvstore/pkg/client/client.go:349.40,354.4 1 0
distributed-kvstore/pkg/client/client.go:356.3,361.13 2 0
distributed-kvstore/pkg/client/client.go:364.2,364.20 1 0
distributed-kvstore/pkg/client/client.go:368.69,372.74 3 1
distributed-kvstore/pkg/client/client.go:372.74,374.17 2 1
distributed-kvstore/pkg/client/client.go:374.17,376.4 1 1
distributed-kvstore/pkg/client/client.go:378.3,384.13 2 0
distributed-kvstore/pkg/client/client.go:387.2,387.20 1 1
distributed-kvstore/pkg/client/client.go:391.88,395.74 3 0
distributed-kvstore/pkg/client/client.go:395.74,397.17 2 0
distributed-kvstore/pkg/client/client.go:397.17,399.4 1 0
distributed-kvstore/pkg/client/client.go:400.3,400.23 1 0
distributed-kvstore/pkg/client/client.go:400.23,402.4 1 0
distributed-kvstore/pkg/client/client.go:404.3,411.13 2 0
distributed-kvstore/pkg/client/client.go:414.2,414.20 1 0
distributed-kvstore/pkg/client/client.go:418.100,420.14 2 1
distributed-kvstore/pkg/client/client.go:420.14,423.3 2 0
distributed-kvstore/pkg/client/client.go:424.2,428.62 3 1
distributed-kvstore/pkg/client/client.go:428.62,429.18 1 1
distributed-kvstore/pkg/client/client.go:429.18,432.33 3 0
distributed-kvstore/pkg/client/client.go:432.33,434.5 1 0
distributed-kvstore/pkg/client/client.go:436.4,436.11 1 0
distributed-kvstore/pkg/client/client.go:437.22,438.21 1 0
distributed-kvstore/pkg/client/client.go:439.29,439.29 0 0
distributed-kvstore/pkg/client/client.go:443.3,444.17 2 1
distributed-kvstore/pkg/client/client.go:444.17,446.59 2 1
distributed-kvstore/pkg/client/client.go:446.59,447.13 1 0
distributed-kvstore/pkg/client/client.go:449.4,449.18 1 1
distributed-kvstore/pkg/client/client.go:452.3,457.17 4 1
distributed-kvstore/pkg/client/client.go:457.17,459.4 1 1
distributed-kvstore/pkg/client/client.go:461.3,462.60 2 1
distributed-kvstore/pkg/client/client.go:462.60,463.9 1 1
distributed-kvstore/pkg/client/client.go:467.2,467.16 1 1
distributed-kvstore/pkg/client/client.go:471.46,472.16 1 1
distributed-kvstore/pkg/client/client.go:472.16,474.3 1 0
distributed-kvstore/pkg/client/client.go:476.2,477.9 2 1
distributed-kvstore/pkg/client/client.go:477.9,479.3 1 1
distributed-kvstore/pkg/client/client.go:481.2,481.48 1 1
distributed-kvstore/pkg/client/client.go:481.48,482.24 1 0
distributed-kvstore/pkg/client/client.go:482.24,484.4 1 0
distributed-kvstore/pkg/client/client.go:487.2,487.14 1 1
distributed-kvstore/pkg/client/pool.go:34.65,42.73 2 1
distributed-kvstore/pkg/client/pool.go:42.73,45.17 3 1
distributed-kvstore/pkg/client/pool.go:45.17,47.12 1 1
distributed-kvstore/pkg/client/pool.go:49.3,49.52 1 0
distributed-kvstore/pkg/client/pool.go:52.2,52.32 1 1
distributed-kvstore/pkg/client/pool.go:52.32,54.3 1 1
distributed-kvstore/pkg/client/pool.go:57.2,59.18 2 0
distributed-kvstore/pkg/client/pool.go:63.82,67.14 3 1
distributed-kvstore/pkg/client/pool.go:67.14,69.3 1 0
distributed-kvstore/pkg/client/pool.go:72.2,72.37 1 1
distributed-kvstore/pkg/client/pool.go:72.37,73.49 1 1
distributed-kvstore/pkg/client/pool.go:73.49,77.4 3 1
distributed-kvstore/pkg/client/pool.go:81.2,81.50 1 1
distributed-kvstore/pkg/client/pool.go:81.50,84.17 3 1
distributed-kvstore/pkg/client/pool.go:84.17,86.4 1 1
distributed-kvstore/pkg/client/pool.go:87.3,90.19 4 0
distributed-kvstore/pkg/client/pool.go:94.2,94.33 1 0
distributed-kvstore/pkg/client/pool.go:98.58,102.14 3 1
distributed-kvstore/pkg/client/pool.go:102.14,105.3 2 0
distributed-kvstore/pkg/client/pool.go:107.2,108.28 2 1
distributed-kvstore/pkg/client/pool.go:112.40,116.14 3 1
distributed-kvstore/pkg/client/pool.go:116.14,118.3 1 0
distributed-kvstore/pkg/client/pool.go:120.2,124.37 4 1
distributed-kvstore/pkg/client/pool.go:124.37,125.49 1 1
distributed-kvstore/pkg/client/pool.go:125.49,127.4 1 0
distributed-kvstore/pkg/client/pool.go:130.2,131.16 2 1
distributed-kvstore/pkg/client/pool.go:135.80,144.25 4 1
distributed-kvstore/pkg/client/pool.go:144.25,147.3 1 0
distributed-kvstore/pkg/client/pool.go:149.2,150.16 2 1
distributed-kvstore/pkg/client/pool.go:150.16,152.3 1 1
distributed-kvstore/pkg/client/pool.go:154.2,160.8 1 0
distributed-kvstore/pkg/client/pool.go:164.66,165.22 1 1
distributed-kvstore/pkg/client/pool.go:165.22,167.3 1 1
distributed-kvstore/pkg/client/pool.go:168.2,168.12 1 0
distributed-kvstore/pkg/client/pool.go:172.69,173.22 1 1
distributed-kvstore/pkg/client/pool.go:173.22,175.3 1 0
distributed-kvstore/pkg/client/pool.go:177.2,178.15 2 1
distributed-kvstore/pkg/client/pool.go:179.45,180.14 1 1
distributed-kvstore/pkg/client/pool.go:181.31,183.63 1 1
distributed-kvstore/pkg/client/pool.go:184.10,185.15 1 1
distributed-kvstore/pkg/client/pool.go:190.86,194.6 3 0
distributed-kvstore/pkg/client/pool.go:194.6,195.10 1 0
distributed-kvstore/pkg/client/pool.go:196.21,197.25 1 0
distributed-kvstore/pkg/client/pool.go:198.20,199.55 1 0
distributed-kvstore/pkg/client/pool.go:200.19,202.39 1 0
distributed-kvstore/pkg/client/pool.go:202.39,203.51 1 0
distributed-kvstore/pkg/client/pool.go:203.51,207.6 3 0
distributed-kvstore/pkg/client/pool.go:214.49,215.34 1 1
distributed-kvstore/pkg/client/pool.go:215.34,217.3 1 1
distributed-kvstore/pkg/client/pool.go:220.2,221.34 2 0
distributed-kvstore/pkg/client/pool.go:225.36,229.6 3 0
distributed-kvstore/pkg/client/pool.go:229.6,230.10 1 0
distributed-kvstore/pkg/client/pool.go:231.20,232.10 1 0
distributed-kvstore/pkg/client/pool.go:233.19,234.30 1 0
distributed-kvstore/pkg/client/pool.go:240.51,244.14 3 0
distributed-kvstore/pkg/client/pool.go:244.14,246.3 1 0
distributed-kvstore/pkg/client/pool.go:248.2,251.37 3 0
distributed-kvstore/pkg/client/pool.go:251.37,252.17 1 0
distributed-kvstore/pkg/client/pool.go:252.17,254.12 2 0
distributed-kvstore/pkg/client/pool.go:257.3,257.52 1 0
distributed-kvstore/pkg/client/pool.go:257.52,260.4 1 0
distributed-kvstore/pkg/client/pool.go:260.9,262.4 1 0
distributed-kvstore/pkg/client/pool.go:265.2,265.35 1 0
distributed-kvstore/pkg/client/pool.go:269.45,278.37 4 0
distributed-kvstore/pkg/client/pool.go:278.37,279.17 1 0
distributed-kvstore/pkg/client/pool.go:279.17,281.4 1 0
distributed-kvstore/pkg/client/pool.go:281.9,283.4 1 0
distributed-kvstore/pkg/client/pool.go:285.3,285.34 1 0
distributed-kvstore/pkg/client/pool.go:285.34,287.4 1 0
distributed-kvstore/pkg/client/pool.go:290.2,290.14 1 0
distributed-kvstore/pkg/client/pool.go:303.37,307.2 1 0
distributed-kvstore/pkg/client/pool.go:310.24,311.11 1 1
distributed-kvstore/pkg/client/pool.go:311.11,313.3 1 0
distributed-kvstore/pkg/client/pool.go:314.2,314.10 1 1
distributed-kvstore/pkg/client/types.go:86.39,87.39 1 1
distributed-kvstore/pkg/client/types.go:87.39,89.3 1 1
distributed-kvstore/pkg/client/types.go:96.40,97.40 1 1
distributed-kvstore/pkg/client/types.go:97.40,99.3 1 1
distributed-kvstore/pkg/client/types.go:103.43,104.40 1 1
distributed-kvstore/pkg/client/types.go:104.40,106.3 1 1
distributed-kvstore/pkg/client/types.go:110.37,111.14 1 1
distributed-kvstore/pkg/client/types.go:111.14,113.3 1 1
distributed-kvstore/pkg/client/types.go:114.2,114.24 1 1
distributed-kvstore/pkg/client/types.go:118.38,119.26 1 1
distributed-kvstore/pkg/client/types.go:119.26,121.3 1 0
distributed-kvstore/pkg/client/types.go:122.2,122.38 1 1
distributed-kvstore/pkg/client/types.go:126.35,128.2 1 1
distributed-kvstore/pkg/client/types.go:131.41,132.26 1 1
distributed-kvstore/pkg/client/types.go:132.26,134.3 1 1
distributed-kvstore/pkg/client/types.go:135.2,135.32 1 1
distributed-kvstore/pkg/client/types.go:139.37,141.2 1 1
distributed-kvstore/pkg/client/types.go:144.34,146.2 1 1
distributed-kvstore/pkg/client/types.go:149.38,151.31 2 1
distributed-kvstore/pkg/client/types.go:151.31,153.3 1 1
distributed-kvstore/pkg/client/types.go:154.2,154.13 1 1
distributed-kvstore/pkg/client/types.go:158.40,160.31 2 1
distributed-kvstore/pkg/client/types.go:160.31,162.3 1 1
distributed-kvstore/pkg/client/types.go:163.2,163.15 1 1
distributed-kvstore/pkg/client/types.go:167.41,169.2 1 1
distributed-kvstore/pkg/client/types.go:172.38,174.2 1 1
distributed-kvstore/pkg/client/types.go:177.40,179.2 1 1
distributed-kvstore/pkg/client/types.go:182.44,184.2 1 1
distributed-kvstore/pkg/client/types.go:187.45,189.2 1 1
distributed-kvstore/pkg/client/types.go:192.45,194.16 2 1
distributed-kvstore/pkg/client/types.go:194.16,196.3 1 1
distributed-kvstore/pkg/client/types.go:197.2,197.55 1 1
distributed-kvstore/pkg/client/types.go:201.60,203.31 2 1
distributed-kvstore/pkg/client/types.go:203.31,204.21 1 1
distributed-kvstore/pkg/client/types.go:204.21,206.4 1 1
distributed-kvstore/pkg/client/types.go:208.2,208.15 1 1
distributed-kvstore/pkg/client/types.go:212.41,214.2 1 1
distributed-kvstore/pkg/client/types.go:217.55,219.2 1 1
distributed-kvstore/pkg/client/types.go:222.44,224.2 1 1
distributed-kvstore/pkg/client/types.go:227.45,229.2 1 1
distributed-kvstore/pkg/client/types.go:232.42,234.2 1 1
distributed-kvstore/pkg/client/types.go:237.43,239.2 1 1
distributed-kvstore/pkg/client/types.go:242.60,245.2 2 1
